This is pdfTeX, Version 3.141592653-2.6-1.40.28 (MiKTeX 25.12) (preloaded format=pdflatex 2026.3.13)  13 MAR 2026 23:59
entering extended mode
 restricted \write18 enabled.
 %&-line parsing enabled.
**./main.tex
(main.tex
LaTeX2e <2025-11-01>
L3 programming layer <2025-12-24>
(C:\Users\davide.leone\AppData\Local\Programs\MiKTeX\tex/latex/base\book.cls
Document Class: book 2025/01/22 v1.4n Standard LaTeX document class
(C:\Users\davide.leone\AppData\Local\Programs\MiKTeX\tex/latex/base\bk12.clo
File: bk12.clo 2025/01/22 v1.4n Standard LaTeX file (size option)
)
\c@part=\count275
\c@chapter=\count276
\c@section=\count277
\c@subsection=\count278
\c@subsubsection=\count279
\c@paragraph=\count280
\c@subparagraph=\count281
\c@figure=\count282
\c@table=\count283
\abovecaptionskip=\skip49
\belowcaptionskip=\skip50
\bibindent=\dimen148
)
(C:\Users\davide.leone\AppData\Local\Programs\MiKTeX\tex/latex/base\inputenc.st
y
Package: inputenc 2024/02/08 v1.3d Input encoding file
\inpenc@prehook=\toks17
\inpenc@posthook=\toks18
)
(C:\Users\davide.leone\AppData\Local\Programs\MiKTeX\tex/latex/base\fontenc.sty
Package: fontenc 2025/07/18 v2.1d Standard LaTeX package
)
(C:\Users\davide.leone\AppData\Local\Programs\MiKTeX\tex/generic/babel\babel.st
y
Package: babel 2025/12/11 v25.17 The multilingual framework for LuaLaTeX, pdfLa
TeX and XeLaTeX
\babel@savecnt=\count284
LaTeX Encoding Info:    Redeclaring text command \ij (encoding OT1) on input li
ne 2068.
LaTeX Encoding Info:    Redeclaring text command \IJ (encoding OT1) on input li
ne 2070.
LaTeX Encoding Info:    Redeclaring text command \ij (encoding T1) on input lin
e 2072.
LaTeX Encoding Info:    Redeclaring text command \IJ (encoding T1) on input lin
e 2073.
LaTeX Encoding Info:    Ignoring declaration for text command \ij (encoding ?) 
on input line 2074.
LaTeX Encoding Info:    Ignoring declaration for text command \IJ (encoding ?) 
on input line 2076.
LaTeX Encoding Info:    Ignoring declaration for text command \SS (encoding ?) 
on input line 2101.
\U@D=\dimen149
\l@unhyphenated=\language79

(C:\Users\davide.leone\AppData\Local\Programs\MiKTeX\tex/generic/babel\txtbabel
.def)
\bbl@readstream=\read2
\bbl@dirlevel=\count285
Package babel Info: Configuration files are deprecated, as
(babel)             they can break document portability.
(babel)             Reported on input line 4196.

*************************************
* Local config file bblopts.cfg used
*

(C:\Users\davide.leone\AppData\Local\Programs\MiKTeX\tex/latex/arabi\bblopts.cf
g
File: bblopts.cfg 2005/09/08 v0.1 add Arabic and Farsi to "declared" options of
 babel
)
(C:\Users\davide.leone\AppData\Local\Programs\MiKTeX\tex/generic/babel/locale/i
t\babel-italian.tex)
Package babel Info: Importing font and identification data for italian
(babel)             from babel-it.ini. Reported on input line 4320.

(C:\Users\davide.leone\AppData\Local\Programs\MiKTeX\tex/latex/babel-italian\it
alian.ldf
Language: italian 2026/01/13 v.1.5.02 Italian support for the babel system
\it@lettering=\count286
\it@doublequoteactive=\count287
\it@ISOcompliance=\count288
))
(C:\Users\davide.leone\AppData\Local\Programs\MiKTeX\tex/latex/etoolbox\etoolbo
x.sty
Package: etoolbox 2025/10/02 v2.5m e-TeX tools for LaTeX (JAW)
\etb@tempcnta=\count289
)
(C:\Users\davide.leone\AppData\Local\Programs\MiKTeX\tex/latex/geometry\geometr
y.sty
Package: geometry 2020/01/02 v5.9 Page Geometry

(C:\Users\davide.leone\AppData\Local\Programs\MiKTeX\tex/latex/graphics\keyval.
sty
Package: keyval 2022/05/29 v1.15 key=value parser (DPC)
\KV@toks@=\toks19
)
(C:\Users\davide.leone\AppData\Local\Programs\MiKTeX\tex/generic/iftex\ifvtex.s
ty
Package: ifvtex 2019/10/25 v1.7 ifvtex legacy package. Use iftex instead.

(C:\Users\davide.leone\AppData\Local\Programs\MiKTeX\tex/generic/iftex\iftex.st
y
Package: iftex 2024/12/12 v1.0g TeX engine tests
))
\Gm@cnth=\count290
\Gm@cntv=\count291
\c@Gm@tempcnt=\count292
\Gm@bindingoffset=\dimen150
\Gm@wd@mp=\dimen151
\Gm@odd@mp=\dimen152
\Gm@even@mp=\dimen153
\Gm@layoutwidth=\dimen154
\Gm@layoutheight=\dimen155
\Gm@layouthoffset=\dimen156
\Gm@layoutvoffset=\dimen157
\Gm@dimlist=\toks20

(C:\Users\davide.leone\AppData\Local\Programs\MiKTeX\tex/latex/geometry\geometr
y.cfg))
(C:\Users\davide.leone\AppData\Local\Programs\MiKTeX\tex/latex/lm\lmodern.sty
Package: lmodern 2015/05/01 v1.6.1 Latin Modern Fonts
LaTeX Font Info:    Overwriting symbol font `operators' in version `normal'
(Font)                  OT1/cmr/m/n --> OT1/lmr/m/n on input line 22.
LaTeX Font Info:    Overwriting symbol font `letters' in version `normal'
(Font)                  OML/cmm/m/it --> OML/lmm/m/it on input line 23.
LaTeX Font Info:    Overwriting symbol font `symbols' in version `normal'
(Font)                  OMS/cmsy/m/n --> OMS/lmsy/m/n on input line 24.
LaTeX Font Info:    Overwriting symbol font `largesymbols' in version `normal'
(Font)                  OMX/cmex/m/n --> OMX/lmex/m/n on input line 25.
LaTeX Font Info:    Overwriting symbol font `operators' in version `bold'
(Font)                  OT1/cmr/bx/n --> OT1/lmr/bx/n on input line 26.
LaTeX Font Info:    Overwriting symbol font `letters' in version `bold'
(Font)                  OML/cmm/b/it --> OML/lmm/b/it on input line 27.
LaTeX Font Info:    Overwriting symbol font `symbols' in version `bold'
(Font)                  OMS/cmsy/b/n --> OMS/lmsy/b/n on input line 28.
LaTeX Font Info:    Overwriting symbol font `largesymbols' in version `bold'
(Font)                  OMX/cmex/m/n --> OMX/lmex/m/n on input line 29.
LaTeX Font Info:    Overwriting math alphabet `\mathbf' in version `normal'
(Font)                  OT1/cmr/bx/n --> OT1/lmr/bx/n on input line 31.
LaTeX Font Info:    Overwriting math alphabet `\mathsf' in version `normal'
(Font)                  OT1/cmss/m/n --> OT1/lmss/m/n on input line 32.
LaTeX Font Info:    Overwriting math alphabet `\mathit' in version `normal'
(Font)                  OT1/cmr/m/it --> OT1/lmr/m/it on input line 33.
LaTeX Font Info:    Overwriting math alphabet `\mathtt' in version `normal'
(Font)                  OT1/cmtt/m/n --> OT1/lmtt/m/n on input line 34.
LaTeX Font Info:    Overwriting math alphabet `\mathbf' in version `bold'
(Font)                  OT1/cmr/bx/n --> OT1/lmr/bx/n on input line 35.
LaTeX Font Info:    Overwriting math alphabet `\mathsf' in version `bold'
(Font)                  OT1/cmss/bx/n --> OT1/lmss/bx/n on input line 36.
LaTeX Font Info:    Overwriting math alphabet `\mathit' in version `bold'
(Font)                  OT1/cmr/bx/it --> OT1/lmr/bx/it on input line 37.
LaTeX Font Info:    Overwriting math alphabet `\mathtt' in version `bold'
(Font)                  OT1/cmtt/m/n --> OT1/lmtt/m/n on input line 38.
)
(C:\Users\davide.leone\AppData\Local\Programs\MiKTeX\tex/latex/graphics\graphic
x.sty
Package: graphicx 2024/12/31 v1.2e Enhanced LaTeX Graphics (DPC,SPQR)

(C:\Users\davide.leone\AppData\Local\Programs\MiKTeX\tex/latex/graphics\graphic
s.sty
Package: graphics 2024/08/06 v1.4g Standard LaTeX Graphics (DPC,SPQR)

(C:\Users\davide.leone\AppData\Local\Programs\MiKTeX\tex/latex/graphics\trig.st
y
Package: trig 2023/12/02 v1.11 sin cos tan (DPC)
)
(C:\Users\davide.leone\AppData\Local\Programs\MiKTeX\tex/latex/graphics-cfg\gra
phics.cfg
File: graphics.cfg 2016/06/04 v1.11 sample graphics configuration
)
Package graphics Info: Driver file: pdftex.def on input line 106.

(C:\Users\davide.leone\AppData\Local\Programs\MiKTeX\tex/latex/graphics-def\pdf
tex.def
File: pdftex.def 2025/09/29 v1.2d Graphics/color driver for pdftex
))
\Gin@req@height=\dimen158
\Gin@req@width=\dimen159
)
(C:\Users\davide.leone\AppData\Local\Programs\MiKTeX\tex/latex/float\float.sty
Package: float 2001/11/08 v1.3d Float enhancements (AL)
\c@float@type=\count293
\float@exts=\toks21
\float@box=\box53
\@float@everytoks=\toks22
\@floatcapt=\box54
)
(C:\Users\davide.leone\AppData\Local\Programs\MiKTeX\tex/latex/booktabs\booktab
s.sty
Package: booktabs 2020/01/12 v1.61803398 Publication quality tables
\heavyrulewidth=\dimen160
\lightrulewidth=\dimen161
\cmidrulewidth=\dimen162
\belowrulesep=\dimen163
\belowbottomsep=\dimen164
\aboverulesep=\dimen165
\abovetopsep=\dimen166
\cmidrulesep=\dimen167
\cmidrulekern=\dimen168
\defaultaddspace=\dimen169
\@cmidla=\count294
\@cmidlb=\count295
\@aboverulesep=\dimen170
\@belowrulesep=\dimen171
\@thisruleclass=\count296
\@lastruleclass=\count297
\@thisrulewidth=\dimen172
)
(C:\Users\davide.leone\AppData\Local\Programs\MiKTeX\tex/latex/tools\longtable.
sty
Package: longtable 2025-10-13 v4.24 Multi-page Table package (DPC)
\LTleft=\skip51
\LTright=\skip52
\LTpre=\skip53
\LTpost=\skip54
\LTchunksize=\count298
\LTcapwidth=\dimen173
\LT@head=\box55
\LT@firsthead=\box56
\LT@foot=\box57
\LT@lastfoot=\box58
\LT@gbox=\box59
\LT@cols=\count299
\LT@rows=\count300
\c@LT@tables=\count301
\c@LT@chunks=\count302
\LT@p@ftn=\toks23
)
(C:\Users\davide.leone\AppData\Local\Programs\MiKTeX\tex/latex/tools\array.sty
Package: array 2025/09/25 v2.6n Tabular extension package (FMi)
\col@sep=\dimen174
\ar@mcellbox=\box60
\extrarowheight=\dimen175
\NC@list=\toks24
\extratabsurround=\skip55
\backup@length=\skip56
\ar@cellbox=\box61
)
(C:\Users\davide.leone\AppData\Local\Programs\MiKTeX\tex/latex/tools\tabularx.s
ty
Package: tabularx 2023/12/11 v2.12a `tabularx' package (DPC)
\TX@col@width=\dimen176
\TX@old@table=\dimen177
\TX@old@col=\dimen178
\TX@target=\dimen179
\TX@delta=\dimen180
\TX@cols=\count303
\TX@ftn=\toks25
)
(C:\Users\davide.leone\AppData\Local\Programs\MiKTeX\tex/latex/listings\listing
s.sty
\lst@mode=\count304
\lst@gtempboxa=\box62
\lst@token=\toks26
\lst@length=\count305
\lst@currlwidth=\dimen181
\lst@column=\count306
\lst@pos=\count307
\lst@lostspace=\dimen182
\lst@width=\dimen183
\lst@newlines=\count308
\lst@lineno=\count309
\lst@maxwidth=\dimen184

(C:\Users\davide.leone\AppData\Local\Programs\MiKTeX\tex/latex/listings\lstpatc
h.sty
File: lstpatch.sty 2025/11/14 1.11b (Carsten Heinz)
)
(C:\Users\davide.leone\AppData\Local\Programs\MiKTeX\tex/latex/listings\lstmisc
.sty
File: lstmisc.sty 2025/11/14 1.11b (Carsten Heinz)
\c@lstnumber=\count310
\lst@skipnumbers=\count311
\lst@framebox=\box63
)
(C:\Users\davide.leone\AppData\Local\Programs\MiKTeX\tex/latex/listings\listing
s.cfg
File: listings.cfg 2025/11/14 1.11b listings configuration
))
Package: listings 2025/11/14 1.11b (Carsten Heinz)

==> First Aid for listings.sty no longer applied!
    Expected:
        2024/09/23 1.10c (Carsten Heinz)
    but found:
        2025/11/14 1.11b (Carsten Heinz)
    so I'm assuming it got fixed.

(C:\Users\davide.leone\AppData\Local\Programs\MiKTeX\tex/latex/xcolor\xcolor.st
y
Package: xcolor 2024/09/29 v3.02 LaTeX color extensions (UK)

(C:\Users\davide.leone\AppData\Local\Programs\MiKTeX\tex/latex/graphics-cfg\col
or.cfg
File: color.cfg 2016/01/02 v1.6 sample color configuration
)
Package xcolor Info: Driver file: pdftex.def on input line 274.

(C:\Users\davide.leone\AppData\Local\Programs\MiKTeX\tex/latex/graphics\mathcol
or.ltx)
Package xcolor Info: Model `cmy' substituted by `cmy0' on input line 1349.
Package xcolor Info: Model `hsb' substituted by `rgb' on input line 1353.
Package xcolor Info: Model `RGB' extended on input line 1365.
Package xcolor Info: Model `HTML' substituted by `rgb' on input line 1367.
Package xcolor Info: Model `Hsb' substituted by `hsb' on input line 1368.
Package xcolor Info: Model `tHsb' substituted by `hsb' on input line 1369.
Package xcolor Info: Model `HSB' substituted by `hsb' on input line 1370.
Package xcolor Info: Model `Gray' substituted by `gray' on input line 1371.
Package xcolor Info: Model `wave' substituted by `hsb' on input line 1372.
)
(C:\Users\davide.leone\AppData\Local\Programs\MiKTeX\tex/latex/hyperref\hyperre
f.sty
Package: hyperref 2025-07-12 v7.01o Hypertext links for LaTeX

(C:\Users\davide.leone\AppData\Local\Programs\MiKTeX\tex/latex/kvsetkeys\kvsetk
eys.sty
Package: kvsetkeys 2022-10-05 v1.19 Key value parser (HO)
)
(C:\Users\davide.leone\AppData\Local\Programs\MiKTeX\tex/generic/kvdefinekeys\k
vdefinekeys.sty
Package: kvdefinekeys 2019-12-19 v1.6 Define keys (HO)
)
(C:\Users\davide.leone\AppData\Local\Programs\MiKTeX\tex/generic/pdfescape\pdfe
scape.sty
Package: pdfescape 2019/12/09 v1.15 Implements pdfTeX's escape features (HO)

(C:\Users\davide.leone\AppData\Local\Programs\MiKTeX\tex/generic/ltxcmds\ltxcmd
s.sty
Package: ltxcmds 2023-12-04 v1.26 LaTeX kernel commands for general use (HO)
)
(C:\Users\davide.leone\AppData\Local\Programs\MiKTeX\tex/generic/pdftexcmds\pdf
texcmds.sty
Package: pdftexcmds 2020-06-27 v0.33 Utility functions of pdfTeX for LuaTeX (HO
)

(C:\Users\davide.leone\AppData\Local\Programs\MiKTeX\tex/generic/infwarerr\infw
arerr.sty
Package: infwarerr 2019/12/03 v1.5 Providing info/warning/error messages (HO)
)
Package pdftexcmds Info: \pdf@primitive is available.
Package pdftexcmds Info: \pdf@ifprimitive is available.
Package pdftexcmds Info: \pdfdraftmode found.
))
(C:\Users\davide.leone\AppData\Local\Programs\MiKTeX\tex/latex/hycolor\hycolor.
sty
Package: hycolor 2020-01-27 v1.10 Color options for hyperref/bookmark (HO)
)
(C:\Users\davide.leone\AppData\Local\Programs\MiKTeX\tex/latex/hyperref\nameref
.sty
Package: nameref 2025-06-21 v2.57 Cross-referencing by name of section

(C:\Users\davide.leone\AppData\Local\Programs\MiKTeX\tex/latex/refcount\refcoun
t.sty
Package: refcount 2019/12/15 v3.6 Data extraction from label references (HO)
)
(C:\Users\davide.leone\AppData\Local\Programs\MiKTeX\tex/generic/gettitlestring
\gettitlestring.sty
Package: gettitlestring 2019/12/15 v1.6 Cleanup title references (HO)

(C:\Users\davide.leone\AppData\Local\Programs\MiKTeX\tex/latex/kvoptions\kvopti
ons.sty
Package: kvoptions 2022-06-15 v3.15 Key value format for package options (HO)
))
\c@section@level=\count312
)
(C:\Users\davide.leone\AppData\Local\Programs\MiKTeX\tex/generic/stringenc\stri
ngenc.sty
Package: stringenc 2019/11/29 v1.12 Convert strings between diff. encodings (HO
)
)
\@linkdim=\dimen185
\Hy@linkcounter=\count313
\Hy@pagecounter=\count314

(C:\Users\davide.leone\AppData\Local\Programs\MiKTeX\tex/latex/hyperref\pd1enc.
def
File: pd1enc.def 2025-07-12 v7.01o Hyperref: PDFDocEncoding definition (HO)
Now handling font encoding PD1 ...
... no UTF-8 mapping file for font encoding PD1
)
(C:\Users\davide.leone\AppData\Local\Programs\MiKTeX\tex/generic/intcalc\intcal
c.sty
Package: intcalc 2019/12/15 v1.3 Expandable calculations with integers (HO)
)
\Hy@SavedSpaceFactor=\count315

(C:\Users\davide.leone\AppData\Local\Programs\MiKTeX\tex/latex/hyperref\puenc.d
ef
File: puenc.def 2025-07-12 v7.01o Hyperref: PDF Unicode definition (HO)
Now handling font encoding PU ...
... no UTF-8 mapping file for font encoding PU
)
Package hyperref Info: Hyper figures OFF on input line 4195.
Package hyperref Info: Link nesting OFF on input line 4200.
Package hyperref Info: Hyper index ON on input line 4203.
Package hyperref Info: Plain pages OFF on input line 4210.
Package hyperref Info: Backreferencing OFF on input line 4215.
Package hyperref Info: Implicit mode ON; LaTeX internals redefined.
Package hyperref Info: Bookmarks ON on input line 4462.
\c@Hy@tempcnt=\count316
 (C:\Users\davide.leone\AppData\Local\Programs\MiKTeX\tex/latex/url\url.sty
\Urlmuskip=\muskip17
Package: url 2013/09/16  ver 3.4  Verb mode for urls, etc.
)
LaTeX Info: Redefining \url on input line 4801.
\XeTeXLinkMargin=\dimen186

(C:\Users\davide.leone\AppData\Local\Programs\MiKTeX\tex/generic/bitset\bitset.
sty
Package: bitset 2019/12/09 v1.3 Handle bit-vector datatype (HO)

(C:\Users\davide.leone\AppData\Local\Programs\MiKTeX\tex/generic/bigintcalc\big
intcalc.sty
Package: bigintcalc 2019/12/15 v1.5 Expandable calculations on big integers (HO
)
))
\Fld@menulength=\count317
\Field@Width=\dimen187
\Fld@charsize=\dimen188
Package hyperref Info: Hyper figures OFF on input line 6078.
Package hyperref Info: Link nesting OFF on input line 6083.
Package hyperref Info: Hyper index ON on input line 6086.
Package hyperref Info: backreferencing OFF on input line 6093.
Package hyperref Info: Link coloring OFF on input line 6098.
Package hyperref Info: Link coloring with OCG OFF on input line 6103.
Package hyperref Info: PDF/A mode OFF on input line 6108.
\Hy@abspage=\count318
\c@Item=\count319
\c@Hfootnote=\count320
)
Package hyperref Info: Driver (autodetected): hpdftex.

(C:\Users\davide.leone\AppData\Local\Programs\MiKTeX\tex/latex/hyperref\hpdftex
.def
File: hpdftex.def 2025-07-12 v7.01o Hyperref driver for pdfTeX
\Fld@listcount=\count321
\c@bookmark@seq@number=\count322

(C:\Users\davide.leone\AppData\Local\Programs\MiKTeX\tex/latex/rerunfilecheck\r
erunfilecheck.sty
Package: rerunfilecheck 2025-06-21 v1.11 Rerun checks for auxiliary files (HO)

(C:\Users\davide.leone\AppData\Local\Programs\MiKTeX\tex/generic/uniquecounter\
uniquecounter.sty
Package: uniquecounter 2019/12/15 v1.4 Provide unlimited unique counter (HO)
)
Package uniquecounter Info: New unique counter `rerunfilecheck' on input line 2
84.
)
\Hy@SectionHShift=\skip57
)
Package hyperref Info: Option `colorlinks' set `true' on input line 72.

(C:\Users\davide.leone\AppData\Local\Programs\MiKTeX\tex/latex/setspace\setspac
e.sty
Package: setspace 2022/12/04 v6.7b set line spacing
)
(C:\Users\davide.leone\AppData\Local\Programs\MiKTeX\tex/latex/caption\caption.
sty
Package: caption 2023/08/05 v3.6o Customizing captions (AR)

(C:\Users\davide.leone\AppData\Local\Programs\MiKTeX\tex/latex/caption\caption3
.sty
Package: caption3 2023/07/31 v2.4d caption3 kernel (AR)
\caption@tempdima=\dimen189
\captionmargin=\dimen190
\caption@leftmargin=\dimen191
\caption@rightmargin=\dimen192
\caption@width=\dimen193
\caption@indent=\dimen194
\caption@parindent=\dimen195
\caption@hangindent=\dimen196
Package caption Info: Standard document class detected.
)
\c@caption@flags=\count323
\c@continuedfloat=\count324
Package caption Info: float package is loaded.
Package caption Info: hyperref package is loaded.
Package caption Info: listings package is loaded.
Package caption Info: longtable package is loaded.

(C:\Users\davide.leone\AppData\Local\Programs\MiKTeX\tex/latex/caption\ltcaptio
n.sty
Package: ltcaption 2021/01/08 v1.4c longtable captions (AR)
))
LaTeX Font Info:    Trying to load font information for T1+lmr on input line 95
.

(C:\Users\davide.leone\AppData\Local\Programs\MiKTeX\tex/latex/lm\t1lmr.fd
File: t1lmr.fd 2015/05/01 v1.6.1 Font defs for Latin Modern
)
(C:\Users\davide.leone\AppData\Local\Programs\MiKTeX\tex/latex/l3backend\l3back
end-pdftex.def
File: l3backend-pdftex.def 2025-10-09 L3 backend support: PDF output (pdfTeX)
\l__color_backend_stack_int=\count325
) (main.aux)
\openout1 = `main.aux'.

LaTeX Font Info:    Checking defaults for OML/cmm/m/it on input line 95.
LaTeX Font Info:    ... okay on input line 95.
LaTeX Font Info:    Checking defaults for OMS/cmsy/m/n on input line 95.
LaTeX Font Info:    ... okay on input line 95.
LaTeX Font Info:    Checking defaults for OT1/cmr/m/n on input line 95.
LaTeX Font Info:    ... okay on input line 95.
LaTeX Font Info:    Checking defaults for T1/cmr/m/n on input line 95.
LaTeX Font Info:    ... okay on input line 95.
LaTeX Font Info:    Checking defaults for TS1/cmr/m/n on input line 95.
LaTeX Font Info:    ... okay on input line 95.
LaTeX Font Info:    Checking defaults for OMX/cmex/m/n on input line 95.
LaTeX Font Info:    ... okay on input line 95.
LaTeX Font Info:    Checking defaults for U/cmr/m/n on input line 95.
LaTeX Font Info:    ... okay on input line 95.
LaTeX Font Info:    Checking defaults for PD1/pdf/m/n on input line 95.
LaTeX Font Info:    ... okay on input line 95.
LaTeX Font Info:    Checking defaults for PU/pdf/m/n on input line 95.
LaTeX Font Info:    ... okay on input line 95.
LaTeX Info: Redefining \it@ocap on input line 95.
LaTeX Info: Redefining \it@ccap on input line 95.

*geometry* driver: auto-detecting
*geometry* detected driver: pdftex
*geometry* verbose mode - [ preamble ] result:
* driver: pdftex
* paper: a4paper
* layout: <same size as paper>
* layoutoffset:(h,v)=(0.0pt,0.0pt)
* modes: 
* h-part:(L,W,R)=(99.58464pt, 426.79135pt, 71.13188pt)
* v-part:(T,H,B)=(85.35826pt, 674.33032pt, 85.35826pt)
* \paperwidth=597.50787pt
* \paperheight=845.04684pt
* \textwidth=426.79135pt
* \textheight=674.33032pt
* \oddsidemargin=27.31465pt
* \evensidemargin=27.31465pt
* \topmargin=-18.78552pt
* \headheight=12.0pt
* \headsep=19.8738pt
* \topskip=12.0pt
* \footskip=30.0pt
* \marginparwidth=38.0pt
* \marginparsep=7.0pt
* \columnsep=10.0pt
* \skip\footins=10.8pt plus 4.0pt minus 2.0pt
* \hoffset=0.0pt
* \voffset=0.0pt
* \mag=1000
* \@twocolumnfalse
* \@twosidefalse
* \@mparswitchfalse
* \@reversemarginfalse
* (1in=72.27pt=25.4mm, 1cm=28.453pt)


(C:\Users\davide.leone\AppData\Local\Programs\MiKTeX\tex/context/base/mkii\supp
-pdf.mkii
[Loading MPS to PDF converter (version 2006.09.02).]
\scratchcounter=\count326
\scratchdimen=\dimen197
\scratchbox=\box64
\nofMPsegments=\count327
\nofMParguments=\count328
\everyMPshowfont=\toks27
\MPscratchCnt=\count329
\MPscratchDim=\dimen198
\MPnumerator=\count330
\makeMPintoPDFobject=\count331
\everyMPtoPDFconversion=\toks28
)
(C:\Users\davide.leone\AppData\Local\Programs\MiKTeX\tex/latex/epstopdf-pkg\eps
topdf-base.sty
Package: epstopdf-base 2020-01-24 v2.11 Base part for package epstopdf
Package epstopdf-base Info: Redefining graphics rule for `.eps' on input line 4
85.

(C:\Users\davide.leone\AppData\Local\Programs\MiKTeX\tex/latex/00miktex\epstopd
f-sys.cfg
File: epstopdf-sys.cfg 2021/03/18 v2.0 Configuration of epstopdf for MiKTeX
))
\c@lstlisting=\count332
Package hyperref Info: Link coloring ON on input line 95.
 (main.out) (main.out)
\@outlinefile=\write3
\openout3 = `main.out'.

Package caption Info: Begin \AtBeginDocument code.
Package caption Info: End \AtBeginDocument code.
LaTeX Font Info:    Trying to load font information for OT1+lmr on input line 1
14.

(C:\Users\davide.leone\AppData\Local\Programs\MiKTeX\tex/latex/lm\ot1lmr.fd
File: ot1lmr.fd 2015/05/01 v1.6.1 Font defs for Latin Modern
)
LaTeX Font Info:    Trying to load font information for OML+lmm on input line 1
14.

(C:\Users\davide.leone\AppData\Local\Programs\MiKTeX\tex/latex/lm\omllmm.fd
File: omllmm.fd 2015/05/01 v1.6.1 Font defs for Latin Modern
)
LaTeX Font Info:    Trying to load font information for OMS+lmsy on input line 
114.

(C:\Users\davide.leone\AppData\Local\Programs\MiKTeX\tex/latex/lm\omslmsy.fd
File: omslmsy.fd 2015/05/01 v1.6.1 Font defs for Latin Modern
)
LaTeX Font Info:    Trying to load font information for OMX+lmex on input line 
114.

(C:\Users\davide.leone\AppData\Local\Programs\MiKTeX\tex/latex/lm\omxlmex.fd
File: omxlmex.fd 2015/05/01 v1.6.1 Font defs for Latin Modern
)
LaTeX Font Info:    External font `lmex10' loaded for size
(Font)              <12> on input line 114.
LaTeX Font Info:    External font `lmex10' loaded for size
(Font)              <8> on input line 114.
LaTeX Font Info:    External font `lmex10' loaded for size
(Font)              <6> on input line 114.

[1


{C:/Users/davide.leone/AppData/Local/MiKTeX/fonts/map/pdftex/pdftex.map}{C:/Use
rs/davide.leone/AppData/Local/Programs/MiKTeX/fonts/enc/dvips/lm/lm-ec.enc}]
(main.toc [1


] [2]
LaTeX Font Info:    Trying to load font information for T1+lmtt on input line 1
55.

(C:\Users\davide.leone\AppData\Local\Programs\MiKTeX\tex/latex/lm\t1lmtt.fd
File: t1lmtt.fd 2015/05/01 v1.6.1 Font defs for Latin Modern
)
[3])
\tf@toc=\write4
\openout4 = `main.toc'.

 [4] (introduzione.tex
pdfTeX warning (ext4): destination with the same identifier (name{page.1}) has 
been already used, duplicate ignored
<to be read again> 
                   \relax 
l.15 
      [1


] [2]) (capitolo-2.tex [3]
Capitolo 1.
LaTeX Font Info:    Trying to load font information for TS1+lmr on input line 1
6.
(C:\Users\davide.leone\AppData\Local\Programs\MiKTeX\tex/latex/lm\ts1lmr.fd
File: ts1lmr.fd 2015/05/01 v1.6.1 Font defs for Latin Modern
)
[4

{C:/Users/davide.leone/AppData/Local/Programs/MiKTeX/fonts/enc/dvips/lm/lm-ts1.
enc}] [5] [6] [7] [8] [9] [10] [11]) (capitolo-3.tex [12] [13]
Capitolo 2.
[14

] [15] [16] [17]
Underfull \hbox (badness 10000) in paragraph at lines 91--92
[]|\T1/lmr/m/n/12 Stato run-ti-me del si-mu-la-to-re: pro-gres-so
 []


Underfull \hbox (badness 3623) in paragraph at lines 91--92
\T1/lmr/m/n/12 step/obiettivi, se-le-zio-ne stru-men-ti, con-nes-sio-
 []


Overfull \hbox (1.63766pt too wide) in paragraph at lines 93--93
[]|\T1/lmtt/m/n/12 terminalSettingsStore| 
 []

[18]
LaTeX Font Info:    Font shape `T1/lmtt/bx/n' in size <12> not available
(Font)              Font shape `T1/lmtt/b/n' tried instead on input line 114.
 [19]
Overfull \hbox (112.14914pt too wide) in paragraph at lines 120--121
[]\T1/lmtt/b/n/12 presetStore \T1/lmr/m/n/12 per-si-ste uni-ca-men-te l'i-den-t
i-fi-ca-ti-vo del pre-set at-ti-vo (chia-ve \T1/lmtt/m/n/12 pcb-ctf-active-pres
et\T1/lmr/m/n/12 ),
 []

[20] [21] [22]
Overfull \hbox (52.2857pt too wide) in paragraph at lines 219--220
\T1/lmr/m/n/12 tings. Le mo-di-fi-che ven-go-no ac-cu-mu-la-te ne-gli sto-re \T
1/lmtt/m/n/12 settingsStore \T1/lmr/m/n/12 e \T1/lmtt/m/n/12 terminalSettingsSt
ore
 []

[23]) (capitolo-4.tex [24]
Capitolo 3.
[25

] [26] [27] [28{C:/Users/davide.leone/AppData/Local/Programs/MiKTeX/fonts/enc/d
vips/lm/lm-mathsy.enc}] [29] [30]
Overfull \hbox (47.9577pt too wide) in paragraph at lines 100--101
\T1/lmr/m/n/12 quel-li spe-ci-fi-ci di ogni tab, ap-pli-can-do i vin-co-li pre-
de-fi-ni-ti del tab (\T1/lmtt/m/n/12 defaultConstraints\T1/lmr/m/n/12 )
 []

[31] [32] [33] [34] [35] [36] [37] [38]
Overfull \hbox (33.25967pt too wide) in paragraph at lines 277--278
\T1/lmr/m/n/12 stru-men-ti per-so-na-liz-za-ti e i com-po-nen-ti, sal-van-do-le
 nel-la di-rec-to-ry \T1/lmtt/m/n/12 public/uploads/\T1/lmr/m/n/12 . 
 []

[39] [40]
Overfull \hbox (54.25946pt too wide) in paragraph at lines 320--321
\T1/lmr/m/n/12 vo si com-ple-ta so-lo do-po il do-wn-load, tra-mi-te l'a-zio-ne
 \T1/lmtt/m/n/12 dismissFirmwareDumpDownload()\T1/lmr/m/n/12 ,
 []

[41]) (capitolo-5.tex [42]
Capitolo 4.
[43

] [44] [45]
LaTeX Font Info:    External font `lmex10' loaded for size
(Font)              <10.95> on input line 79.
 [46] [47]
Overfull \hbox (72.28714pt too wide) in paragraph at lines 100--101
[]\T1/lmr/m/n/12 Infine, il co-man-do \T1/lmtt/m/n/12 ps \T1/lmr/m/n/12 ri-ve-l
a un pro-ces-so so-spet-to. L'a-na-li-si del bi-na-rio \T1/lmtt/m/n/12 /usr/bin
/backdoorTest
 []

[48] [49]) (capitolo-6.tex [50]
Capitolo 5.

Overfull \hbox (8.04802pt too wide) in paragraph at lines 29--29
[]|\T1/lmr/bx/n/12 Strumento/funzionalitŕ| 
 []


Underfull \hbox (badness 1281) in paragraph at lines 29--29
[]|\T1/lmr/m/n/12 Identificazione dei chip,
 []


Underfull \hbox (badness 4634) in paragraph at lines 29--29
[]|\T1/lmr/m/n/12 Pin UART (TX, RX,
 []


Underfull \hbox (badness 1442) in paragraph at lines 29--29
[]|\T1/lmr/m/n/12 Riconoscimento dei bus
 []


Underfull \hbox (badness 5504) in paragraph at lines 29--29
[]|\T1/lmr/m/n/12 Adattatore UART con
 []


Underfull \hbox (badness 1406) in paragraph at lines 29--29
[]|\T1/lmr/m/n/12 U-Boot, va-ria-bi-li d'am-
 []


Underfull \hbox (badness 7273) in paragraph at lines 29--29
[]|\T1/lmr/m/n/12 Credenziali di de-fault,
 []


Underfull \hbox (badness 10000) in paragraph at lines 29--29
[]|\T1/lmr/m/n/12 Comandi built-in (\T1/lmtt/m/n/12 ls\T1/lmr/m/n/12 ,
 []

[51

] [52] [53]
Overfull \hbox (103.67738pt too wide) in alignment at lines 88--88
[][][][][] 
 []

[54] [55]) (conclusioni.tex [56] [57

]) (appendice-a.tex [58]
Appendice A.
LaTeX Font Info:    Font shape `T1/lmtt/bx/n' in size <17.28> not available
(Font)              Font shape `T1/lmtt/b/n' tried instead on input line 8.
[59

] [60] [61] [62] [63] [64] [65] [66] [67] [68] [69{C:/Users/davide.leone/AppDat
a/Local/Programs/MiKTeX/fonts/enc/dvips/lm/lm-rm.enc}] [70] [71] [72])
(appendice-b.tex [73]
Appendice B.
[74

] [75] [76]
Overfull \hbox (15.54245pt too wide) in paragraph at lines 119--119
[]\T1/lmr/bx/n/17.28 Definizione di un co-man-do (\T1/lmtt/b/n/17.28 CommandDef
inition\T1/lmr/bx/n/17.28 ) 
 []

[77] [78]
LaTeX Font Info:    Font shape `T1/lmtt/bx/n' in size <14.4> not available
(Font)              Font shape `T1/lmtt/b/n' tried instead on input line 189.
 [79] [80] [81] [82]
Overfull \hbox (10.81349pt too wide) in paragraph at lines 369--369
[]\T1/lmr/bx/n/17.28 Struttura del fi-le-sy-stem (\T1/lmtt/b/n/17.28 Filesystem
Structure\T1/lmr/bx/n/17.28 ) 
 []

[83] [84] [85]
Overfull \hbox (47.14032pt too wide) in paragraph at lines 491--491
[]\T1/lmr/bx/n/17.28 Risultato del-l'e-se-cu-zio-ne (\T1/lmtt/b/n/17.28 Command
ExecutionResult\T1/lmr/bx/n/17.28 ) 
 []

[86] [87] [88] [89]) [90] (main.aux)
 ***********
LaTeX2e <2025-11-01>
L3 programming layer <2025-12-24>
 ***********
Package rerunfilecheck Info: File `main.out' has not changed.
(rerunfilecheck)             Checksum: DF4A0CE39C5DB5E2F8DF73F8243F7A48;23741.
 ) 
Here is how much of TeX's memory you used:
 15945 strings out of 467871
 255660 string characters out of 5414988
 1140481 words of memory out of 5000000
 43302 multiletter control sequences out of 15000+600000
 698104 words of font info for 80 fonts, out of 8000000 for 9000
 1141 hyphenation exceptions out of 8191
 75i,10n,79p,840b,2035s stack positions out of 10000i,1000n,20000p,200000b,200000s
<C:/Users/davide.leone/AppData/Local/Programs/MiKTeX/fonts/type1/public/lm/lm
bx10.pfb><C:/Users/davide.leone/AppData/Local/Programs/MiKTeX/fonts/type1/publi
c/lm/lmbx12.pfb><C:/Users/davide.leone/AppData/Local/Programs/MiKTeX/fonts/type
1/public/lm/lmcsc10.pfb><C:/Users/davide.leone/AppData/Local/Programs/MiKTeX/fo
nts/type1/public/lm/lmr10.pfb><C:/Users/davide.leone/AppData/Local/Programs/MiK
TeX/fonts/type1/public/lm/lmr12.pfb><C:/Users/davide.leone/AppData/Local/Progra
ms/MiKTeX/fonts/type1/public/lm/lmr17.pfb><C:/Users/davide.leone/AppData/Local/
Programs/MiKTeX/fonts/type1/public/lm/lmr8.pfb><C:/Users/davide.leone/AppData/L
ocal/Programs/MiKTeX/fonts/type1/public/lm/lmri12.pfb><C:/Users/davide.leone/Ap
pData/Local/Programs/MiKTeX/fonts/type1/public/lm/lmro12.pfb><C:/Users/davide.l
eone/AppData/Local/Programs/MiKTeX/fonts/type1/public/lm/lmsy10.pfb><C:/Users/d
avide.leone/AppData/Local/Programs/MiKTeX/fonts/type1/public/lm/lmtk10.pfb><C:/
Users/davide.leone/AppData/Local/Programs/MiKTeX/fonts/type1/public/lm/lmtt10.p
fb><C:/Users/davide.leone/AppData/Local/Programs/MiKTeX/fonts/type1/public/lm/l
mtt12.pfb><C:/Users/davide.leone/AppData/Local/Programs/MiKTeX/fonts/type1/publ
ic/lm/lmtti10.pfb>
Output written on main.pdf (95 pages, 895035 bytes).
PDF statistics:
 2435 PDF objects out of 2487 (max. 8388607)
 1301 named destinations out of 1440 (max. 500000)
 961 words of extra memory for PDF output out of 10000 (max. 10000000)

