\BOOKMARK [0][-]{chapter*.2}{\376\377\000I\000n\000t\000r\000o\000d\000u\000z\000i\000o\000n\000e}{}% 1
\BOOKMARK [0][-]{chapter.1}{\376\377\000A\000n\000a\000l\000i\000s\000i\000\040\000d\000e\000i\000\040\000r\000e\000q\000u\000i\000s\000i\000t\000i}{}% 2
\BOOKMARK [1][-]{section.1.1}{\376\377\000C\000o\000n\000t\000e\000s\000t\000o\000\040\000o\000p\000e\000r\000a\000t\000i\000v\000o\000\040\000e\000\040\000a\000t\000t\000o\000r\000i\000\040\000d\000e\000l\000\040\000s\000i\000s\000t\000e\000m\000a}{chapter.1}% 3
\BOOKMARK [1][-]{section.1.2}{\376\377\000R\000e\000q\000u\000i\000s\000i\000t\000i\000\040\000f\000u\000n\000z\000i\000o\000n\000a\000l\000i}{chapter.1}% 4
\BOOKMARK [2][-]{subsection.1.2.1}{\376\377\000S\000i\000m\000u\000l\000a\000z\000i\000o\000n\000e\000\040\000d\000e\000l\000\040\000c\000i\000r\000c\000u\000i\000t\000o\000\040\000s\000t\000a\000m\000p\000a\000t\000o}{section.1.2}% 5
\BOOKMARK [2][-]{subsection.1.2.2}{\376\377\000S\000t\000r\000u\000m\000e\000n\000t\000i\000\040\000d\000i\000\040\000m\000i\000s\000u\000r\000a}{section.1.2}% 6
\BOOKMARK [2][-]{subsection.1.2.3}{\376\377\000T\000e\000r\000m\000i\000n\000a\000l\000e\000\040\000s\000i\000m\000u\000l\000a\000t\000o}{section.1.2}% 7
\BOOKMARK [2][-]{subsection.1.2.4}{\376\377\000S\000t\000r\000u\000m\000e\000n\000t\000i\000\040\000p\000e\000r\000s\000o\000n\000a\000l\000i\000z\000z\000a\000t\000i}{section.1.2}% 8
\BOOKMARK [2][-]{subsection.1.2.5}{\376\377\000S\000t\000r\000u\000t\000t\000u\000r\000a\000\040\000d\000e\000l\000l\000'\000e\000s\000e\000r\000c\000i\000z\000i\000o}{section.1.2}% 9
\BOOKMARK [2][-]{subsection.1.2.6}{\376\377\000A\000u\000t\000h\000o\000r\000i\000n\000g\000\040\000e\000\040\000c\000o\000n\000f\000i\000g\000u\000r\000a\000z\000i\000o\000n\000e}{section.1.2}% 10
\BOOKMARK [2][-]{subsection.1.2.7}{\376\377\000L\000a\000n\000c\000i\000o\000\040\000a\000u\000t\000o\000m\000a\000t\000i\000c\000o\000\040\000d\000e\000l\000\040\000t\000e\000r\000m\000i\000n\000a\000l\000e}{section.1.2}% 11
\BOOKMARK [1][-]{section.1.3}{\376\377\000R\000e\000q\000u\000i\000s\000i\000t\000i\000\040\000n\000o\000n\000\040\000f\000u\000n\000z\000i\000o\000n\000a\000l\000i}{chapter.1}% 12
\BOOKMARK [2][-]{subsection.1.3.1}{\376\377\000A\000c\000c\000e\000s\000s\000i\000b\000i\000l\000i\000t\000\340\000\040\000e\000\040\000d\000i\000s\000t\000r\000i\000b\000u\000z\000i\000o\000n\000e}{section.1.3}% 13
\BOOKMARK [2][-]{subsection.1.3.2}{\376\377\000U\000s\000a\000b\000i\000l\000i\000t\000\340}{section.1.3}% 14
\BOOKMARK [2][-]{subsection.1.3.3}{\376\377\000P\000r\000e\000s\000t\000a\000z\000i\000o\000n\000i}{section.1.3}% 15
\BOOKMARK [2][-]{subsection.1.3.4}{\376\377\000M\000a\000n\000u\000t\000e\000n\000i\000b\000i\000l\000i\000t\000\340\000\040\000e\000\040\000e\000s\000t\000e\000n\000s\000i\000b\000i\000l\000i\000t\000\340}{section.1.3}% 16
\BOOKMARK [2][-]{subsection.1.3.5}{\376\377\000S\000i\000c\000u\000r\000e\000z\000z\000a}{section.1.3}% 17
\BOOKMARK [1][-]{section.1.4}{\376\377\000C\000a\000s\000i\000\040\000d\000'\000u\000s\000o\000\040\000p\000r\000i\000n\000c\000i\000p\000a\000l\000i}{chapter.1}% 18
\BOOKMARK [2][-]{subsection.1.4.1}{\376\377\000C\000a\000s\000i\000\040\000d\000'\000u\000s\000o\000\040\000d\000e\000l\000l\000o\000\040\000s\000t\000u\000d\000e\000n\000t\000e}{section.1.4}% 19
\BOOKMARK [2][-]{subsection.1.4.2}{\376\377\000C\000a\000s\000i\000\040\000d\000'\000u\000s\000o\000\040\000d\000e\000l\000l\000'\000a\000u\000t\000o\000r\000e}{section.1.4}% 20
\BOOKMARK [1][-]{section.1.5}{\376\377\000V\000i\000n\000c\000o\000l\000i\000\040\000e\000\040\000a\000s\000s\000u\000n\000z\000i\000o\000n\000i}{chapter.1}% 21
\BOOKMARK [0][-]{chapter.2}{\376\377\000P\000r\000o\000g\000e\000t\000t\000a\000z\000i\000o\000n\000e\000\040\000d\000e\000l\000l\000'\000a\000r\000c\000h\000i\000t\000e\000t\000t\000u\000r\000a}{}% 22
\BOOKMARK [1][-]{section.2.1}{\376\377\000S\000c\000e\000l\000t\000e\000\040\000t\000e\000c\000n\000o\000l\000o\000g\000i\000c\000h\000e}{chapter.2}% 23
\BOOKMARK [1][-]{section.2.2}{\376\377\000A\000r\000c\000h\000i\000t\000e\000t\000t\000u\000r\000a\000\040\000g\000e\000n\000e\000r\000a\000l\000e\000\040\000d\000e\000l\000\040\000s\000i\000s\000t\000e\000m\000a}{chapter.2}% 24
\BOOKMARK [1][-]{section.2.3}{\376\377\000M\000o\000d\000e\000l\000l\000o\000\040\000d\000e\000i\000\040\000d\000a\000t\000i}{chapter.2}% 25
\BOOKMARK [2][-]{subsection.2.3.1}{\376\377\000S\000t\000r\000u\000t\000t\000u\000r\000a\000\040\000d\000e\000l\000l\000'\000e\000s\000e\000r\000c\000i\000z\000i\000o}{section.2.3}% 26
\BOOKMARK [2][-]{subsection.2.3.2}{\376\377\000I\000l\000\040\000s\000i\000s\000t\000e\000m\000a\000\040\000u\000n\000i\000f\000i\000c\000a\000t\000o\000\040\000d\000e\000i\000\040\000p\000i\000n}{section.2.3}% 27
\BOOKMARK [2][-]{subsection.2.3.3}{\376\377\000I\000l\000\040\000s\000i\000s\000t\000e\000m\000a\000\040\000d\000i\000\040\000c\000o\000o\000r\000d\000i\000n\000a\000t\000e}{section.2.3}% 28
\BOOKMARK [1][-]{section.2.4}{\376\377\000G\000e\000s\000t\000i\000o\000n\000e\000\040\000d\000e\000l\000l\000o\000\040\000s\000t\000a\000t\000o\000\040\000a\000p\000p\000l\000i\000c\000a\000t\000i\000v\000o}{chapter.2}% 29
\BOOKMARK [2][-]{subsection.2.4.1}{\376\377\000A\000r\000c\000h\000i\000t\000e\000t\000t\000u\000r\000a\000\040\000a\000\040\000s\000t\000o\000r\000e\000\040\000i\000n\000d\000i\000p\000e\000n\000d\000e\000n\000t\000i}{section.2.4}% 30
\BOOKMARK [2][-]{subsection.2.4.2}{\376\377\000C\000o\000o\000r\000d\000i\000n\000a\000z\000i\000o\000n\000e\000\040\000t\000r\000a\000\040\000s\000t\000o\000r\000e}{section.2.4}% 31
\BOOKMARK [2][-]{subsection.2.4.3}{\376\377\000P\000e\000r\000s\000i\000s\000t\000e\000n\000z\000a\000\040\000d\000e\000l\000l\000o\000\040\000s\000t\000a\000t\000o}{section.2.4}% 32
\BOOKMARK [2][-]{subsection.2.4.4}{\376\377\000M\000i\000g\000r\000a\000z\000i\000o\000n\000e\000\040\000d\000e\000i\000\040\000d\000a\000t\000i}{section.2.4}% 33
\BOOKMARK [1][-]{section.2.5}{\376\377\000P\000r\000o\000g\000e\000t\000t\000a\000z\000i\000o\000n\000e\000\040\000d\000e\000l\000\040\000s\000i\000s\000t\000e\000m\000a\000\040\000t\000e\000r\000m\000i\000n\000a\000l\000e}{chapter.2}% 34
\BOOKMARK [2][-]{subsection.2.5.1}{\376\377\000P\000r\000i\000n\000c\000i\000p\000i\000\040\000d\000i\000\040\000p\000r\000o\000g\000e\000t\000t\000a\000z\000i\000o\000n\000e}{section.2.5}% 35
\BOOKMARK [2][-]{subsection.2.5.2}{\376\377\000A\000r\000c\000h\000i\000t\000e\000t\000t\000u\000r\000a\000\040\000m\000o\000d\000u\000l\000a\000r\000e}{section.2.5}% 36
\BOOKMARK [2][-]{subsection.2.5.3}{\376\377\000P\000i\000p\000e\000l\000i\000n\000e\000\040\000d\000i\000\040\000e\000s\000e\000c\000u\000z\000i\000o\000n\000e\000\040\000d\000e\000i\000\040\000c\000o\000m\000a\000n\000d\000i}{section.2.5}% 37
\BOOKMARK [2][-]{subsection.2.5.4}{\376\377\000I\000l\000\040\000f\000i\000l\000e\000s\000y\000s\000t\000e\000m\000\040\000s\000i\000m\000u\000l\000a\000t\000o}{section.2.5}% 38
\BOOKMARK [2][-]{subsection.2.5.5}{\376\377\000L\000a\000\040\000s\000e\000q\000u\000e\000n\000z\000a\000\040\000d\000i\000\040\000b\000o\000o\000t}{section.2.5}% 39
\BOOKMARK [2][-]{subsection.2.5.6}{\376\377\000I\000l\000\040\000s\000i\000s\000t\000e\000m\000a\000\040\000d\000i\000\040\000f\000l\000a\000g}{section.2.5}% 40
\BOOKMARK [1][-]{section.2.6}{\376\377\000F\000l\000u\000s\000s\000o\000\040\000d\000a\000t\000i\000\040\000t\000r\000a\000\040\000a\000u\000t\000h\000o\000r\000i\000n\000g\000\040\000e\000\040\000s\000i\000m\000u\000l\000a\000z\000i\000o\000n\000e}{chapter.2}% 41
\BOOKMARK [2][-]{subsection.2.6.1}{\376\377\000I\000l\000\040\000s\000i\000s\000t\000e\000m\000a\000\040\000d\000i\000\040\000p\000r\000e\000s\000e\000t}{section.2.6}% 42
\BOOKMARK [0][-]{chapter.3}{\376\377\000I\000m\000p\000l\000e\000m\000e\000n\000t\000a\000z\000i\000o\000n\000e}{}% 43
\BOOKMARK [1][-]{section.3.1}{\376\377\000I\000l\000\040\000v\000i\000s\000u\000a\000l\000i\000z\000z\000a\000t\000o\000r\000e\000\040\000P\000C\000B\000\040\000i\000n\000t\000e\000r\000a\000t\000t\000i\000v\000o}{chapter.3}% 44
\BOOKMARK [2][-]{subsection.3.1.1}{\376\377\000S\000i\000s\000t\000e\000m\000a\000\040\000d\000i\000\040\000o\000v\000e\000r\000l\000a\000y\000\040\000e\000\040\000c\000o\000n\000v\000e\000r\000s\000i\000o\000n\000e\000\040\000d\000e\000l\000l\000e\000\040\000c\000o\000o\000r\000d\000i\000n\000a\000t\000e}{section.3.1}% 45
\BOOKMARK [2][-]{subsection.3.1.2}{\376\377\000M\000e\000c\000c\000a\000n\000i\000s\000m\000o\000\040\000d\000i\000\040\000s\000n\000a\000p}{section.3.1}% 46
\BOOKMARK [2][-]{subsection.3.1.3}{\376\377\000R\000e\000n\000d\000e\000r\000i\000n\000g\000\040\000d\000e\000i\000\040\000f\000i\000l\000i}{section.3.1}% 47
\BOOKMARK [2][-]{subsection.3.1.4}{\376\377\000L\000a\000\040\000l\000e\000n\000t\000e\000\040\000d\000i\000\040\000i\000n\000g\000r\000a\000n\000d\000i\000m\000e\000n\000t\000o}{section.3.1}% 48
\BOOKMARK [1][-]{section.3.2}{\376\377\000S\000t\000r\000u\000m\000e\000n\000t\000i\000\040\000d\000i\000\040\000a\000n\000a\000l\000i\000s\000i\000\040\000h\000a\000r\000d\000w\000a\000r\000e}{chapter.3}% 49
\BOOKMARK [2][-]{subsection.3.2.1}{\376\377\000I\000l\000\040\000m\000u\000l\000t\000i\000m\000e\000t\000r\000o}{section.3.2}% 50
\BOOKMARK [2][-]{subsection.3.2.2}{\376\377\000L\000'\000a\000d\000a\000t\000t\000a\000t\000o\000r\000e\000\040\000U\000A\000R\000T}{section.3.2}% 51
\BOOKMARK [2][-]{subsection.3.2.3}{\376\377\000I\000l\000\040\000f\000i\000r\000m\000w\000a\000r\000e\000\040\000d\000u\000m\000p\000e\000r\000\040\000S\000P\000I}{section.3.2}% 52
\BOOKMARK [1][-]{section.3.3}{\376\377\000I\000l\000\040\000t\000e\000r\000m\000i\000n\000a\000l\000e\000\040\000s\000i\000m\000u\000l\000a\000t\000o}{chapter.3}% 53
\BOOKMARK [2][-]{subsection.3.3.1}{\376\377\000I\000l\000\040\000l\000o\000a\000d\000e\000r\000\040\000d\000e\000l\000l\000a\000\040\000c\000o\000n\000f\000i\000g\000u\000r\000a\000z\000i\000o\000n\000e}{section.3.3}% 54
\BOOKMARK [2][-]{subsection.3.3.2}{\376\377\000L\000'\000e\000s\000e\000c\000u\000t\000o\000r\000e\000\040\000d\000e\000i\000\040\000c\000o\000m\000a\000n\000d\000i}{section.3.3}% 55
\BOOKMARK [2][-]{subsection.3.3.3}{\376\377\000I\000\040\000c\000o\000m\000a\000n\000d\000i\000\040\000b\000u\000i\000l\000t\000-\000i\000n}{section.3.3}% 56
\BOOKMARK [2][-]{subsection.3.3.4}{\376\377\000L\000a\000\040\000s\000e\000q\000u\000e\000n\000z\000a\000\040\000d\000i\000\040\000b\000o\000o\000t}{section.3.3}% 57
\BOOKMARK [2][-]{subsection.3.3.5}{\376\377\000P\000e\000r\000s\000i\000s\000t\000e\000n\000z\000a\000\040\000d\000e\000l\000l\000o\000\040\000s\000t\000a\000t\000o\000\040\000d\000e\000l\000\040\000t\000e\000r\000m\000i\000n\000a\000l\000e}{section.3.3}% 58
\BOOKMARK [1][-]{section.3.4}{\376\377\000I\000l\000\040\000s\000i\000s\000t\000e\000m\000a\000\040\000d\000i\000\040\000s\000t\000r\000u\000m\000e\000n\000t\000i\000\040\000p\000e\000r\000s\000o\000n\000a\000l\000i\000z\000z\000a\000t\000i}{chapter.3}% 59
\BOOKMARK [2][-]{subsection.3.4.1}{\376\377\000M\000o\000d\000e\000l\000l\000o\000\040\000d\000a\000t\000i}{section.3.4}% 60
\BOOKMARK [2][-]{subsection.3.4.2}{\376\377\000R\000e\000n\000d\000e\000r\000i\000n\000g\000\040\000n\000e\000l\000\040\000s\000i\000m\000u\000l\000a\000t\000o\000r\000e}{section.3.4}% 61
\BOOKMARK [2][-]{subsection.3.4.3}{\376\377\000A\000u\000t\000h\000o\000r\000i\000n\000g\000\040\000d\000e\000g\000l\000i\000\040\000s\000t\000r\000u\000m\000e\000n\000t\000i\000\040\000p\000e\000r\000s\000o\000n\000a\000l\000i\000z\000z\000a\000t\000i}{section.3.4}% 62
\BOOKMARK [1][-]{section.3.5}{\376\377\000I\000l\000\040\000p\000a\000n\000n\000e\000l\000l\000o\000\040\000d\000i\000\040\000a\000u\000t\000h\000o\000r\000i\000n\000g}{chapter.3}% 63
\BOOKMARK [2][-]{subsection.3.5.1}{\376\377\000O\000r\000g\000a\000n\000i\000z\000z\000a\000z\000i\000o\000n\000e\000\040\000d\000e\000l\000l\000'\000i\000n\000t\000e\000r\000f\000a\000c\000c\000i\000a}{section.3.5}% 64
\BOOKMARK [2][-]{subsection.3.5.2}{\376\377\000I\000l\000\040\000c\000a\000n\000v\000a\000s\000\040\000i\000n\000t\000e\000r\000a\000t\000t\000i\000v\000o}{section.3.5}% 65
\BOOKMARK [2][-]{subsection.3.5.3}{\376\377\000L\000'\000e\000d\000i\000t\000o\000r\000\040\000d\000e\000l\000\040\000t\000e\000r\000m\000i\000n\000a\000l\000e}{section.3.5}% 66
\BOOKMARK [1][-]{section.3.6}{\376\377\000A\000P\000I\000\040\000e\000\040\000p\000e\000r\000s\000i\000s\000t\000e\000n\000z\000a\000\040\000d\000e\000i\000\040\000d\000a\000t\000i}{chapter.3}% 67
\BOOKMARK [2][-]{subsection.3.6.1}{\376\377\000A\000r\000c\000h\000i\000t\000e\000t\000t\000u\000r\000a\000\040\000d\000e\000l\000l\000e\000\040\000A\000P\000I}{section.3.6}% 68
\BOOKMARK [2][-]{subsection.3.6.2}{\376\377\000S\000t\000r\000a\000t\000e\000g\000i\000a\000\040\000d\000i\000\040\000p\000e\000r\000s\000i\000s\000t\000e\000n\000z\000a}{section.3.6}% 69
\BOOKMARK [2][-]{subsection.3.6.3}{\376\377\000S\000i\000n\000c\000r\000o\000n\000i\000z\000z\000a\000z\000i\000o\000n\000e\000\040\000r\000e\000a\000l\000-\000t\000i\000m\000e}{section.3.6}% 70
\BOOKMARK [1][-]{section.3.7}{\376\377\000I\000l\000\040\000s\000i\000s\000t\000e\000m\000a\000\040\000d\000i\000\040\000c\000o\000m\000p\000l\000e\000t\000a\000m\000e\000n\000t\000o\000\040\000d\000e\000l\000l\000'\000e\000s\000e\000r\000c\000i\000z\000i\000o}{chapter.3}% 71
\BOOKMARK [2][-]{subsection.3.7.1}{\376\377\000F\000l\000u\000s\000s\000i\000\040\000d\000i\000\040\000c\000o\000m\000p\000l\000e\000t\000a\000m\000e\000n\000t\000o\000\040\000d\000e\000g\000l\000i\000\040\000o\000b\000i\000e\000t\000t\000i\000v\000i}{section.3.7}% 72
\BOOKMARK [2][-]{subsection.3.7.2}{\376\377\000R\000e\000s\000e\000t\000\040\000d\000e\000l\000l\000o\000\040\000s\000t\000a\000t\000o\000\040\000a\000l\000l\000a\000\040\000t\000r\000a\000n\000s\000i\000z\000i\000o\000n\000e\000\040\000t\000r\000a\000\040\000s\000t\000e\000p}{section.3.7}% 73
\BOOKMARK [2][-]{subsection.3.7.3}{\376\377\000P\000r\000o\000g\000r\000e\000s\000s\000i\000o\000n\000e\000\040\000d\000e\000l\000l\000a\000\040\000f\000l\000a\000g}{section.3.7}% 74
\BOOKMARK [2][-]{subsection.3.7.4}{\376\377\000I\000l\000\040\000d\000i\000a\000l\000o\000g\000o\000\040\000d\000i\000\040\000c\000o\000m\000p\000l\000e\000t\000a\000m\000e\000n\000t\000o}{section.3.7}% 75
\BOOKMARK [0][-]{chapter.4}{\376\377\000C\000a\000s\000o\000\040\000d\000i\000\040\000s\000t\000u\000d\000i\000o}{}% 76
\BOOKMARK [1][-]{section.4.1}{\376\377\000P\000r\000o\000g\000e\000t\000t\000a\000z\000i\000o\000n\000e\000\040\000d\000e\000l\000l\000'\000e\000s\000e\000r\000c\000i\000z\000i\000o}{chapter.4}% 77
\BOOKMARK [2][-]{subsection.4.1.1}{\376\377\000S\000t\000r\000u\000t\000t\000u\000r\000a\000\040\000d\000e\000l\000l\000'\000e\000s\000e\000r\000c\000i\000z\000i\000o}{section.4.1}% 78
\BOOKMARK [2][-]{subsection.4.1.2}{\376\377\000C\000o\000n\000f\000i\000g\000u\000r\000a\000z\000i\000o\000n\000e\000\040\000d\000e\000l\000\040\000t\000e\000r\000m\000i\000n\000a\000l\000e}{section.4.1}% 79
\BOOKMARK [2][-]{subsection.4.1.3}{\376\377\000C\000o\000n\000f\000i\000g\000u\000r\000a\000z\000i\000o\000n\000e\000\040\000d\000e\000g\000l\000i\000\040\000s\000t\000r\000u\000m\000e\000n\000t\000i}{section.4.1}% 80
\BOOKMARK [1][-]{section.4.2}{\376\377\000W\000a\000l\000k\000t\000h\000r\000o\000u\000g\000h\000\040\000d\000e\000l\000l\000o\000\040\000s\000t\000u\000d\000e\000n\000t\000e}{chapter.4}% 81
\BOOKMARK [2][-]{subsection.4.2.1}{\376\377\000F\000a\000s\000e\000\040\0001\000\040\040\024\000\040\000R\000i\000c\000o\000g\000n\000i\000z\000i\000o\000n\000e\000\040\000d\000e\000l\000\040\000P\000C\000B}{section.4.2}% 82
\BOOKMARK [2][-]{subsection.4.2.2}{\376\377\000F\000a\000s\000e\000\040\0002\000\040\040\024\000\040\000C\000o\000n\000n\000e\000s\000s\000i\000o\000n\000e\000\040\000U\000A\000R\000T}{section.4.2}% 83
\BOOKMARK [2][-]{subsection.4.2.3}{\376\377\000F\000a\000s\000e\000\040\0003\000\040\040\024\000\040\000E\000s\000p\000l\000o\000r\000a\000z\000i\000o\000n\000e\000\040\000d\000e\000l\000\040\000t\000e\000r\000m\000i\000n\000a\000l\000e}{section.4.2}% 84
\BOOKMARK [1][-]{section.4.3}{\376\377\000C\000o\000n\000f\000i\000g\000u\000r\000a\000z\000i\000o\000n\000e\000\040\000l\000a\000t\000o\000\040\000a\000u\000t\000o\000r\000e}{chapter.4}% 85
\BOOKMARK [2][-]{subsection.4.3.1}{\376\377\000C\000r\000e\000a\000z\000i\000o\000n\000e\000\040\000d\000e\000l\000l\000'\000e\000s\000e\000r\000c\000i\000z\000i\000o}{section.4.3}% 86
\BOOKMARK [2][-]{subsection.4.3.2}{\376\377\000C\000o\000n\000f\000i\000g\000u\000r\000a\000z\000i\000o\000n\000e\000\040\000d\000e\000l\000\040\000t\000e\000r\000m\000i\000n\000a\000l\000e}{section.4.3}% 87
\BOOKMARK [2][-]{subsection.4.3.3}{\376\377\000S\000a\000l\000v\000a\000t\000a\000g\000g\000i\000o\000\040\000c\000o\000m\000e\000\040\000p\000r\000e\000s\000e\000t}{section.4.3}% 88
\BOOKMARK [0][-]{chapter.5}{\376\377\000V\000a\000l\000i\000d\000a\000z\000i\000o\000n\000e\000\040\000e\000\040\000d\000i\000s\000c\000u\000s\000s\000i\000o\000n\000e}{}% 89
\BOOKMARK [1][-]{section.5.1}{\376\377\000C\000r\000i\000t\000e\000r\000i\000\040\000d\000i\000\040\000v\000a\000l\000u\000t\000a\000z\000i\000o\000n\000e}{chapter.5}% 90
\BOOKMARK [2][-]{subsection.5.1.1}{\376\377\000C\000o\000p\000e\000r\000t\000u\000r\000a\000\040\000d\000e\000i\000\040\000c\000o\000n\000c\000e\000t\000t\000i\000\040\000d\000i\000d\000a\000t\000t\000i\000c\000i}{section.5.1}% 91
\BOOKMARK [2][-]{subsection.5.1.2}{\376\377\000F\000e\000d\000e\000l\000t\000\340\000\040\000d\000e\000l\000l\000a\000\040\000s\000i\000m\000u\000l\000a\000z\000i\000o\000n\000e}{section.5.1}% 92
\BOOKMARK [2][-]{subsection.5.1.3}{\376\377\000E\000s\000p\000r\000e\000s\000s\000i\000v\000i\000t\000\340\000\040\000d\000e\000l\000\040\000s\000i\000s\000t\000e\000m\000a\000\040\000d\000i\000\040\000a\000u\000t\000h\000o\000r\000i\000n\000g}{section.5.1}% 93
\BOOKMARK [1][-]{section.5.2}{\376\377\000C\000o\000n\000f\000r\000o\000n\000t\000o\000\040\000c\000o\000n\000\040\000s\000o\000l\000u\000z\000i\000o\000n\000i\000\040\000e\000s\000i\000s\000t\000e\000n\000t\000i}{chapter.5}% 94
\BOOKMARK [1][-]{section.5.3}{\376\377\000L\000i\000m\000i\000t\000a\000z\000i\000o\000n\000i}{chapter.5}% 95
\BOOKMARK [1][-]{section.5.4}{\376\377\000S\000v\000i\000l\000u\000p\000p\000i\000\040\000f\000u\000t\000u\000r\000i}{chapter.5}% 96
\BOOKMARK [0][-]{chapter*.80}{\376\377\000C\000o\000n\000c\000l\000u\000s\000i\000o\000n\000i}{}% 97
\BOOKMARK [0][-]{appendix.Alph1}{\376\377\000S\000t\000r\000u\000t\000t\000u\000r\000a\000\040\000J\000S\000O\000N\000\040\000d\000i\000\040\000u\000n\000\040\000e\000s\000e\000r\000c\000i\000z\000i\000o\000\040\000c\000o\000m\000p\000l\000e\000t\000o}{}% 98
\BOOKMARK [1][-]{section.Alph1.1}{\376\377\000S\000c\000h\000e\000m\000a\000\040\000d\000e\000l\000l\000'\000e\000s\000e\000r\000c\000i\000z\000i\000o\000\040\000\050\000E\000x\000e\000r\000c\000i\000s\000e\000\051}{appendix.Alph1}% 99
\BOOKMARK [1][-]{section.Alph1.2}{\376\377\000T\000i\000p\000i\000\040\000e\000n\000u\000m\000e\000r\000a\000t\000i}{appendix.Alph1}% 100
\BOOKMARK [2][-]{subsection.Alph1.2.1}{\376\377\000O\000b\000j\000e\000c\000t\000i\000v\000e\000T\000y\000p\000e}{section.Alph1.2}% 101
\BOOKMARK [2][-]{subsection.Alph1.2.2}{\376\377\000T\000o\000o\000l}{section.Alph1.2}% 102
\BOOKMARK [2][-]{subsection.Alph1.2.3}{\376\377\000U\000a\000r\000t\000R\000o\000l\000e}{section.Alph1.2}% 103
\BOOKMARK [2][-]{subsection.Alph1.2.4}{\376\377\000S\000p\000i\000R\000o\000l\000e}{section.Alph1.2}% 104
\BOOKMARK [1][-]{section.Alph1.3}{\376\377\000S\000i\000s\000t\000e\000m\000a\000\040\000d\000i\000\040\000c\000o\000o\000r\000d\000i\000n\000a\000t\000e}{appendix.Alph1}% 105
\BOOKMARK [1][-]{section.Alph1.4}{\376\377\000E\000s\000e\000m\000p\000i\000o\000\040\000c\000o\000m\000p\000l\000e\000t\000o}{appendix.Alph1}% 106
\BOOKMARK [0][-]{appendix.Alph2}{\376\377\000S\000c\000h\000e\000m\000a\000\040\000d\000e\000l\000l\000a\000\040\000c\000o\000n\000f\000i\000g\000u\000r\000a\000z\000i\000o\000n\000e\000\040\000t\000e\000r\000m\000i\000n\000a\000l\000e}{}% 107
\BOOKMARK [1][-]{section.Alph2.1}{\376\377\000S\000t\000r\000u\000t\000t\000u\000r\000a\000\040\000p\000r\000i\000n\000c\000i\000p\000a\000l\000e\000\040\000\050\000T\000e\000r\000m\000i\000n\000a\000l\000C\000o\000n\000f\000i\000g\000\051}{appendix.Alph2}% 108
\BOOKMARK [1][-]{section.Alph2.2}{\376\377\000C\000o\000n\000f\000i\000g\000u\000r\000a\000z\000i\000o\000n\000e\000\040\000d\000e\000l\000\040\000t\000a\000b\000\040\000\050\000T\000a\000b\000C\000o\000n\000f\000i\000g\000\051}{appendix.Alph2}% 109
\BOOKMARK [2][-]{subsection.Alph2.2.1}{\376\377\000S\000t\000a\000d\000i\000\040\000s\000p\000e\000c\000i\000a\000l\000i\000\040\000d\000e\000l\000l\000a\000\040\000s\000e\000q\000u\000e\000n\000z\000a\000\040\000d\000i\000\040\000b\000o\000o\000t}{section.Alph2.2}% 110
\BOOKMARK [1][-]{section.Alph2.3}{\376\377\000D\000e\000f\000i\000n\000i\000z\000i\000o\000n\000e\000\040\000d\000i\000\040\000u\000n\000\040\000c\000o\000m\000a\000n\000d\000o\000\040\000\050\000C\000o\000m\000m\000a\000n\000d\000D\000e\000f\000i\000n\000i\000t\000i\000o\000n\000\051}{appendix.Alph2}% 111
\BOOKMARK [2][-]{subsection.Alph2.3.1}{\376\377\000V\000i\000n\000c\000o\000l\000i\000\040\000d\000e\000l\000\040\000c\000o\000m\000a\000n\000d\000o\000\040\000\050\000C\000o\000m\000m\000a\000n\000d\000C\000o\000n\000s\000t\000r\000a\000i\000n\000t\000s\000\051}{section.Alph2.3}% 112
\BOOKMARK [2][-]{subsection.Alph2.3.2}{\376\377\000T\000i\000p\000i\000\040\000d\000i\000\040\000o\000u\000t\000p\000u\000t\000\040\000\050\000C\000o\000m\000m\000a\000n\000d\000O\000u\000t\000p\000u\000t\000\051}{section.Alph2.3}% 113
\BOOKMARK [2][-]{subsection.Alph2.3.3}{\376\377\000C\000o\000n\000t\000r\000o\000l\000l\000o\000\040\000d\000e\000l\000l\000e\000\040\000c\000o\000n\000d\000i\000z\000i\000o\000n\000i\000\040\000\050\000C\000o\000n\000d\000i\000t\000i\000o\000n\000C\000h\000e\000c\000k\000\051}{section.Alph2.3}% 114
\BOOKMARK [1][-]{section.Alph2.4}{\376\377\000S\000t\000r\000u\000t\000t\000u\000r\000a\000\040\000d\000e\000l\000\040\000f\000i\000l\000e\000s\000y\000s\000t\000e\000m\000\040\000\050\000F\000i\000l\000e\000s\000y\000s\000t\000e\000m\000S\000t\000r\000u\000c\000t\000u\000r\000e\000\051}{appendix.Alph2}% 115
\BOOKMARK [2][-]{subsection.Alph2.4.1}{\376\377\000P\000r\000o\000c\000e\000s\000s\000o\000\040\000d\000i\000\040\000n\000o\000r\000m\000a\000l\000i\000z\000z\000a\000z\000i\000o\000n\000e}{section.Alph2.4}% 116
\BOOKMARK [1][-]{section.Alph2.5}{\376\377\000S\000i\000s\000t\000e\000m\000a\000\040\000d\000i\000\040\000f\000l\000a\000g\000\040\000\050\000F\000l\000a\000g\000S\000y\000s\000t\000e\000m\000\051}{appendix.Alph2}% 117
\BOOKMARK [1][-]{section.Alph2.6}{\376\377\000C\000o\000n\000t\000e\000s\000t\000o\000\040\000d\000i\000\040\000e\000s\000e\000c\000u\000z\000i\000o\000n\000e\000\040\000\050\000C\000o\000m\000m\000a\000n\000d\000C\000o\000n\000t\000e\000x\000t\000\051}{appendix.Alph2}% 118
\BOOKMARK [1][-]{section.Alph2.7}{\376\377\000R\000i\000s\000u\000l\000t\000a\000t\000o\000\040\000d\000e\000l\000l\000'\000e\000s\000e\000c\000u\000z\000i\000o\000n\000e\000\040\000\050\000C\000o\000m\000m\000a\000n\000d\000E\000x\000e\000c\000u\000t\000i\000o\000n\000R\000e\000s\000u\000l\000t\000\051}{appendix.Alph2}% 119
\BOOKMARK [1][-]{section.Alph2.8}{\376\377\000E\000s\000e\000m\000p\000i\000o\000:\000\040\000c\000o\000n\000f\000i\000g\000u\000r\000a\000z\000i\000o\000n\000e\000\040\000d\000e\000l\000\040\000t\000a\000b\000\040\000U\000A\000R\000T\000\040\000C\000o\000n\000s\000o\000l\000e}{appendix.Alph2}% 120
