This is pdfTeX, Version 3.141592653-2.6-1.40.28 (MiKTeX 25.12) (preloaded format=pdflatex 2026.3.13)  20 APR 2026 00:30
entering extended mode
 restricted \write18 enabled.
 %&-line parsing enabled.
**./thesis.tex
(thesis.tex
LaTeX2e <2025-11-01>
L3 programming layer <2025-12-24>

LaTeX Warning: \include should only be used after \begin{document} on input lin
e 1.

(preamble.tex
(C:\Users\davide.leone\AppData\Local\Programs\MiKTeX\tex/latex/base\report.cls
Document Class: report 2025/01/22 v1.4n Standard LaTeX document class
(C:\Users\davide.leone\AppData\Local\Programs\MiKTeX\tex/latex/base\size11.clo
File: size11.clo 2025/01/22 v1.4n Standard LaTeX file (size option)
)
\c@part=\count275
\c@chapter=\count276
\c@section=\count277
\c@subsection=\count278
\c@subsubsection=\count279
\c@paragraph=\count280
\c@subparagraph=\count281
\c@figure=\count282
\c@table=\count283
\abovecaptionskip=\skip49
\belowcaptionskip=\skip50
\bibindent=\dimen148
)
(C:\Users\davide.leone\AppData\Local\Programs\MiKTeX\tex/latex/geometry\geometr
y.sty
Package: geometry 2020/01/02 v5.9 Page Geometry

(C:\Users\davide.leone\AppData\Local\Programs\MiKTeX\tex/latex/graphics\keyval.
sty
Package: keyval 2022/05/29 v1.15 key=value parser (DPC)
\KV@toks@=\toks17
)
(C:\Users\davide.leone\AppData\Local\Programs\MiKTeX\tex/generic/iftex\ifvtex.s
ty
Package: ifvtex 2019/10/25 v1.7 ifvtex legacy package. Use iftex instead.

(C:\Users\davide.leone\AppData\Local\Programs\MiKTeX\tex/generic/iftex\iftex.st
y
Package: iftex 2024/12/12 v1.0g TeX engine tests
))
\Gm@cnth=\count284
\Gm@cntv=\count285
\c@Gm@tempcnt=\count286
\Gm@bindingoffset=\dimen149
\Gm@wd@mp=\dimen150
\Gm@odd@mp=\dimen151
\Gm@even@mp=\dimen152
\Gm@layoutwidth=\dimen153
\Gm@layoutheight=\dimen154
\Gm@layouthoffset=\dimen155
\Gm@layoutvoffset=\dimen156
\Gm@dimlist=\toks18

(C:\Users\davide.leone\AppData\Local\Programs\MiKTeX\tex/latex/geometry\geometr
y.cfg))
(C:\Users\davide.leone\AppData\Local\Programs\MiKTeX\tex/latex/base\inputenc.st
y
Package: inputenc 2024/02/08 v1.3d Input encoding file
\inpenc@prehook=\toks19
\inpenc@posthook=\toks20
)
(C:\Users\davide.leone\AppData\Local\Programs\MiKTeX\tex/latex/base\fontenc.sty
Package: fontenc 2025/07/18 v2.1d Standard LaTeX package
) (C:\Users\davide.leone\AppData\Local\Programs\MiKTeX\tex/latex/lm\lmodern.sty
Package: lmodern 2015/05/01 v1.6.1 Latin Modern Fonts
LaTeX Font Info:    Overwriting symbol font `operators' in version `normal'
(Font)                  OT1/cmr/m/n --> OT1/lmr/m/n on input line 22.
LaTeX Font Info:    Overwriting symbol font `letters' in version `normal'
(Font)                  OML/cmm/m/it --> OML/lmm/m/it on input line 23.
LaTeX Font Info:    Overwriting symbol font `symbols' in version `normal'
(Font)                  OMS/cmsy/m/n --> OMS/lmsy/m/n on input line 24.
LaTeX Font Info:    Overwriting symbol font `largesymbols' in version `normal'
(Font)                  OMX/cmex/m/n --> OMX/lmex/m/n on input line 25.
LaTeX Font Info:    Overwriting symbol font `operators' in version `bold'
(Font)                  OT1/cmr/bx/n --> OT1/lmr/bx/n on input line 26.
LaTeX Font Info:    Overwriting symbol font `letters' in version `bold'
(Font)                  OML/cmm/b/it --> OML/lmm/b/it on input line 27.
LaTeX Font Info:    Overwriting symbol font `symbols' in version `bold'
(Font)                  OMS/cmsy/b/n --> OMS/lmsy/b/n on input line 28.
LaTeX Font Info:    Overwriting symbol font `largesymbols' in version `bold'
(Font)                  OMX/cmex/m/n --> OMX/lmex/m/n on input line 29.
LaTeX Font Info:    Overwriting math alphabet `\mathbf' in version `normal'
(Font)                  OT1/cmr/bx/n --> OT1/lmr/bx/n on input line 31.
LaTeX Font Info:    Overwriting math alphabet `\mathsf' in version `normal'
(Font)                  OT1/cmss/m/n --> OT1/lmss/m/n on input line 32.
LaTeX Font Info:    Overwriting math alphabet `\mathit' in version `normal'
(Font)                  OT1/cmr/m/it --> OT1/lmr/m/it on input line 33.
LaTeX Font Info:    Overwriting math alphabet `\mathtt' in version `normal'
(Font)                  OT1/cmtt/m/n --> OT1/lmtt/m/n on input line 34.
LaTeX Font Info:    Overwriting math alphabet `\mathbf' in version `bold'
(Font)                  OT1/cmr/bx/n --> OT1/lmr/bx/n on input line 35.
LaTeX Font Info:    Overwriting math alphabet `\mathsf' in version `bold'
(Font)                  OT1/cmss/bx/n --> OT1/lmss/bx/n on input line 36.
LaTeX Font Info:    Overwriting math alphabet `\mathit' in version `bold'
(Font)                  OT1/cmr/bx/it --> OT1/lmr/bx/it on input line 37.
LaTeX Font Info:    Overwriting math alphabet `\mathtt' in version `bold'
(Font)                  OT1/cmtt/m/n --> OT1/lmtt/m/n on input line 38.
)
(C:\Users\davide.leone\AppData\Local\Programs\MiKTeX\tex/generic/babel\babel.st
y
Package: babel 2025/12/11 v25.17 The multilingual framework for LuaLaTeX, pdfLa
TeX and XeLaTeX
\babel@savecnt=\count287
LaTeX Encoding Info:    Redeclaring text command \ij (encoding OT1) on input li
ne 2068.
LaTeX Encoding Info:    Redeclaring text command \IJ (encoding OT1) on input li
ne 2070.
LaTeX Encoding Info:    Redeclaring text command \ij (encoding T1) on input lin
e 2072.
LaTeX Encoding Info:    Redeclaring text command \IJ (encoding T1) on input lin
e 2073.
LaTeX Encoding Info:    Ignoring declaration for text command \ij (encoding ?) 
on input line 2074.
LaTeX Encoding Info:    Ignoring declaration for text command \IJ (encoding ?) 
on input line 2076.
LaTeX Encoding Info:    Ignoring declaration for text command \SS (encoding ?) 
on input line 2101.
\U@D=\dimen157
\l@unhyphenated=\language79

(C:\Users\davide.leone\AppData\Local\Programs\MiKTeX\tex/generic/babel\txtbabel
.def)
\bbl@readstream=\read2
\bbl@dirlevel=\count288
Package babel Info: Configuration files are deprecated, as
(babel)             they can break document portability.
(babel)             Reported on input line 4196.

*************************************
* Local config file bblopts.cfg used
*

(C:\Users\davide.leone\AppData\Local\Programs\MiKTeX\tex/latex/arabi\bblopts.cf
g
File: bblopts.cfg 2005/09/08 v0.1 add Arabic and Farsi to "declared" options of
 babel
)
(C:\Users\davide.leone\AppData\Local\Programs\MiKTeX\tex/generic/babel/locale/e
n\babel-english.tex)
Package babel Info: Importing font and identification data for english
(babel)             from babel-en.ini. Reported on input line 4320.

(C:\Users\davide.leone\AppData\Local\Programs\MiKTeX\tex/latex/babel-english\en
glish.ldf
Language: english 2017/06/06 v3.3r English support from the babel system
Package babel Info: Hyphen rules for 'canadian' set to \l@english
(babel)             (\language0). Reported on input line 102.
Package babel Info: Hyphen rules for 'australian' set to \l@ukenglish
(babel)             (\language73). Reported on input line 105.
Package babel Info: Hyphen rules for 'newzealand' set to \l@ukenglish
(babel)             (\language73). Reported on input line 108.
))
(C:\Users\davide.leone\AppData\Local\Programs\MiKTeX\tex/latex/microtype\microt
ype.sty
Package: microtype 2025/07/09 v3.2b Micro-typographical refinements (RS)

(C:\Users\davide.leone\AppData\Local\Programs\MiKTeX\tex/latex/etoolbox\etoolbo
x.sty
Package: etoolbox 2025/10/02 v2.5m e-TeX tools for LaTeX (JAW)
\etb@tempcnta=\count289
)
\MT@toks=\toks21
\MT@tempbox=\box53
\MT@count=\count290
LaTeX Info: Redefining \noprotrusionifhmode on input line 1087.
LaTeX Info: Redefining \leftprotrusion on input line 1088.
\MT@prot@toks=\toks22
LaTeX Info: Redefining \rightprotrusion on input line 1107.
LaTeX Info: Redefining \textls on input line 1449.
\MT@outer@kern=\dimen158
LaTeX Info: Redefining \microtypecontext on input line 2053.
LaTeX Info: Redefining \textmicrotypecontext on input line 2070.
\MT@listname@count=\count291

(C:\Users\davide.leone\AppData\Local\Programs\MiKTeX\tex/latex/microtype\microt
ype-pdftex.def
File: microtype-pdftex.def 2025/07/09 v3.2b Definitions specific to pdftex (RS)

LaTeX Info: Redefining \lsstyle on input line 944.
LaTeX Info: Redefining \lslig on input line 944.
\MT@outer@space=\skip51
)
Package microtype Info: Loading configuration file microtype.cfg.

(C:\Users\davide.leone\AppData\Local\Programs\MiKTeX\tex/latex/microtype\microt
ype.cfg
File: microtype.cfg 2025/07/09 v3.2b microtype main configuration file (RS)
)
LaTeX Info: Redefining \microtypesetup on input line 3065.
)
(C:\Users\davide.leone\AppData\Local\Programs\MiKTeX\tex/latex/hyperref\hyperre
f.sty
Package: hyperref 2025-07-12 v7.01o Hypertext links for LaTeX

(C:\Users\davide.leone\AppData\Local\Programs\MiKTeX\tex/latex/kvsetkeys\kvsetk
eys.sty
Package: kvsetkeys 2022-10-05 v1.19 Key value parser (HO)
)
(C:\Users\davide.leone\AppData\Local\Programs\MiKTeX\tex/generic/kvdefinekeys\k
vdefinekeys.sty
Package: kvdefinekeys 2019-12-19 v1.6 Define keys (HO)
)
(C:\Users\davide.leone\AppData\Local\Programs\MiKTeX\tex/generic/pdfescape\pdfe
scape.sty
Package: pdfescape 2019/12/09 v1.15 Implements pdfTeX's escape features (HO)

(C:\Users\davide.leone\AppData\Local\Programs\MiKTeX\tex/generic/ltxcmds\ltxcmd
s.sty
Package: ltxcmds 2023-12-04 v1.26 LaTeX kernel commands for general use (HO)
)
(C:\Users\davide.leone\AppData\Local\Programs\MiKTeX\tex/generic/pdftexcmds\pdf
texcmds.sty
Package: pdftexcmds 2020-06-27 v0.33 Utility functions of pdfTeX for LuaTeX (HO
)

(C:\Users\davide.leone\AppData\Local\Programs\MiKTeX\tex/generic/infwarerr\infw
arerr.sty
Package: infwarerr 2019/12/03 v1.5 Providing info/warning/error messages (HO)
)
Package pdftexcmds Info: \pdf@primitive is available.
Package pdftexcmds Info: \pdf@ifprimitive is available.
Package pdftexcmds Info: \pdfdraftmode found.
))
(C:\Users\davide.leone\AppData\Local\Programs\MiKTeX\tex/latex/hycolor\hycolor.
sty
Package: hycolor 2020-01-27 v1.10 Color options for hyperref/bookmark (HO)
)
(C:\Users\davide.leone\AppData\Local\Programs\MiKTeX\tex/latex/hyperref\nameref
.sty
Package: nameref 2025-06-21 v2.57 Cross-referencing by name of section

(C:\Users\davide.leone\AppData\Local\Programs\MiKTeX\tex/latex/refcount\refcoun
t.sty
Package: refcount 2019/12/15 v3.6 Data extraction from label references (HO)
)
(C:\Users\davide.leone\AppData\Local\Programs\MiKTeX\tex/generic/gettitlestring
\gettitlestring.sty
Package: gettitlestring 2019/12/15 v1.6 Cleanup title references (HO)

(C:\Users\davide.leone\AppData\Local\Programs\MiKTeX\tex/latex/kvoptions\kvopti
ons.sty
Package: kvoptions 2022-06-15 v3.15 Key value format for package options (HO)
))
\c@section@level=\count292
)
(C:\Users\davide.leone\AppData\Local\Programs\MiKTeX\tex/generic/stringenc\stri
ngenc.sty
Package: stringenc 2019/11/29 v1.12 Convert strings between diff. encodings (HO
)
)
\@linkdim=\dimen159
\Hy@linkcounter=\count293
\Hy@pagecounter=\count294

(C:\Users\davide.leone\AppData\Local\Programs\MiKTeX\tex/latex/hyperref\pd1enc.
def
File: pd1enc.def 2025-07-12 v7.01o Hyperref: PDFDocEncoding definition (HO)
Now handling font encoding PD1 ...
... no UTF-8 mapping file for font encoding PD1
)
(C:\Users\davide.leone\AppData\Local\Programs\MiKTeX\tex/generic/intcalc\intcal
c.sty
Package: intcalc 2019/12/15 v1.3 Expandable calculations with integers (HO)
)
\Hy@SavedSpaceFactor=\count295

(C:\Users\davide.leone\AppData\Local\Programs\MiKTeX\tex/latex/hyperref\puenc.d
ef
File: puenc.def 2025-07-12 v7.01o Hyperref: PDF Unicode definition (HO)
Now handling font encoding PU ...
... no UTF-8 mapping file for font encoding PU
)
Package hyperref Info: Hyper figures OFF on input line 4195.
Package hyperref Info: Link nesting OFF on input line 4200.
Package hyperref Info: Hyper index ON on input line 4203.
Package hyperref Info: Plain pages OFF on input line 4210.
Package hyperref Info: Backreferencing OFF on input line 4215.
Package hyperref Info: Implicit mode ON; LaTeX internals redefined.
Package hyperref Info: Bookmarks ON on input line 4462.
\c@Hy@tempcnt=\count296
 (C:\Users\davide.leone\AppData\Local\Programs\MiKTeX\tex/latex/url\url.sty
\Urlmuskip=\muskip17
Package: url 2013/09/16  ver 3.4  Verb mode for urls, etc.
)
LaTeX Info: Redefining \url on input line 4801.
\XeTeXLinkMargin=\dimen160

(C:\Users\davide.leone\AppData\Local\Programs\MiKTeX\tex/generic/bitset\bitset.
sty
Package: bitset 2019/12/09 v1.3 Handle bit-vector datatype (HO)

(C:\Users\davide.leone\AppData\Local\Programs\MiKTeX\tex/generic/bigintcalc\big
intcalc.sty
Package: bigintcalc 2019/12/15 v1.5 Expandable calculations on big integers (HO
)
))
\Fld@menulength=\count297
\Field@Width=\dimen161
\Fld@charsize=\dimen162
Package hyperref Info: Hyper figures OFF on input line 6078.
Package hyperref Info: Link nesting OFF on input line 6083.
Package hyperref Info: Hyper index ON on input line 6086.
Package hyperref Info: backreferencing OFF on input line 6093.
Package hyperref Info: Link coloring OFF on input line 6098.
Package hyperref Info: Link coloring with OCG OFF on input line 6103.
Package hyperref Info: PDF/A mode OFF on input line 6108.
\Hy@abspage=\count298
\c@Item=\count299
\c@Hfootnote=\count300
)
Package hyperref Info: Driver (autodetected): hpdftex.

(C:\Users\davide.leone\AppData\Local\Programs\MiKTeX\tex/latex/hyperref\hpdftex
.def
File: hpdftex.def 2025-07-12 v7.01o Hyperref driver for pdfTeX
\Fld@listcount=\count301
\c@bookmark@seq@number=\count302

(C:\Users\davide.leone\AppData\Local\Programs\MiKTeX\tex/latex/rerunfilecheck\r
erunfilecheck.sty
Package: rerunfilecheck 2025-06-21 v1.11 Rerun checks for auxiliary files (HO)

(C:\Users\davide.leone\AppData\Local\Programs\MiKTeX\tex/generic/uniquecounter\
uniquecounter.sty
Package: uniquecounter 2019/12/15 v1.4 Provide unlimited unique counter (HO)
)
Package uniquecounter Info: New unique counter `rerunfilecheck' on input line 2
84.
)
\Hy@SectionHShift=\skip52
)
Package hyperref Info: Option `bookmarksopen' set `true' on input line 28.
Package hyperref Info: Option `colorlinks' set `true' on input line 28.

(C:\Users\davide.leone\AppData\Local\Programs\MiKTeX\tex/latex/booktabs\booktab
s.sty
Package: booktabs 2020/01/12 v1.61803398 Publication quality tables
\heavyrulewidth=\dimen163
\lightrulewidth=\dimen164
\cmidrulewidth=\dimen165
\belowrulesep=\dimen166
\belowbottomsep=\dimen167
\aboverulesep=\dimen168
\abovetopsep=\dimen169
\cmidrulesep=\dimen170
\cmidrulekern=\dimen171
\defaultaddspace=\dimen172
\@cmidla=\count303
\@cmidlb=\count304
\@aboverulesep=\dimen173
\@belowrulesep=\dimen174
\@thisruleclass=\count305
\@lastruleclass=\count306
\@thisrulewidth=\dimen175
)
(C:\Users\davide.leone\AppData\Local\Programs\MiKTeX\tex/latex/multirow\multiro
w.sty
Package: multirow 2024/11/12 v2.9 Span multiple rows of a table
\multirow@colwidth=\skip53
\multirow@cntb=\count307
\multirow@dima=\skip54
\bigstrutjot=\dimen176
)
(C:\Users\davide.leone\AppData\Local\Programs\MiKTeX\tex/latex/tools\tabularx.s
ty
Package: tabularx 2023/12/11 v2.12a `tabularx' package (DPC)

(C:\Users\davide.leone\AppData\Local\Programs\MiKTeX\tex/latex/tools\array.sty
Package: array 2025/09/25 v2.6n Tabular extension package (FMi)
\col@sep=\dimen177
\ar@mcellbox=\box54
\extrarowheight=\dimen178
\NC@list=\toks23
\extratabsurround=\skip55
\backup@length=\skip56
\ar@cellbox=\box55
)
\TX@col@width=\dimen179
\TX@old@table=\dimen180
\TX@old@col=\dimen181
\TX@target=\dimen182
\TX@delta=\dimen183
\TX@cols=\count308
\TX@ftn=\toks24
)
(C:\Users\davide.leone\AppData\Local\Programs\MiKTeX\tex/latex/tools\longtable.
sty
Package: longtable 2025-10-13 v4.24 Multi-page Table package (DPC)
\LTleft=\skip57
\LTright=\skip58
\LTpre=\skip59
\LTpost=\skip60
\LTchunksize=\count309
\LTcapwidth=\dimen184
\LT@head=\box56
\LT@firsthead=\box57
\LT@foot=\box58
\LT@lastfoot=\box59
\LT@gbox=\box60
\LT@cols=\count310
\LT@rows=\count311
\c@LT@tables=\count312
\c@LT@chunks=\count313
\LT@p@ftn=\toks25
)
(C:\Users\davide.leone\AppData\Local\Programs\MiKTeX\tex/latex/graphics\graphic
x.sty
Package: graphicx 2024/12/31 v1.2e Enhanced LaTeX Graphics (DPC,SPQR)

(C:\Users\davide.leone\AppData\Local\Programs\MiKTeX\tex/latex/graphics\graphic
s.sty
Package: graphics 2024/08/06 v1.4g Standard LaTeX Graphics (DPC,SPQR)

(C:\Users\davide.leone\AppData\Local\Programs\MiKTeX\tex/latex/graphics\trig.st
y
Package: trig 2023/12/02 v1.11 sin cos tan (DPC)
)
(C:\Users\davide.leone\AppData\Local\Programs\MiKTeX\tex/latex/graphics-cfg\gra
phics.cfg
File: graphics.cfg 2016/06/04 v1.11 sample graphics configuration
)
Package graphics Info: Driver file: pdftex.def on input line 106.

(C:\Users\davide.leone\AppData\Local\Programs\MiKTeX\tex/latex/graphics-def\pdf
tex.def
File: pdftex.def 2025/09/29 v1.2d Graphics/color driver for pdftex
))
\Gin@req@height=\dimen185
\Gin@req@width=\dimen186
)
(C:\Users\davide.leone\AppData\Local\Programs\MiKTeX\tex/latex/adjustbox\adjust
box.sty
Package: adjustbox 2025/02/26 v1.3c Adjusting TeX boxes (trim, clip, ...)

(C:\Users\davide.leone\AppData\Local\Programs\MiKTeX\tex/latex/xkeyval\xkeyval.
sty
Package: xkeyval 2022/06/16 v2.9 package option processing (HA)

(C:\Users\davide.leone\AppData\Local\Programs\MiKTeX\tex/generic/xkeyval\xkeyva
l.tex
(C:\Users\davide.leone\AppData\Local\Programs\MiKTeX\tex/generic/xkeyval\xkvuti
ls.tex
\XKV@toks=\toks26
\XKV@tempa@toks=\toks27
)
\XKV@depth=\count314
File: xkeyval.tex 2014/12/03 v2.7a key=value parser (HA)
))
(C:\Users\davide.leone\AppData\Local\Programs\MiKTeX\tex/latex/adjustbox\adjcal
c.sty
Package: adjcalc 2012/05/16 v1.1 Provides advanced setlength with multiple back
-ends (calc, etex, pgfmath)
)
(C:\Users\davide.leone\AppData\Local\Programs\MiKTeX\tex/latex/adjustbox\trimcl
ip.sty
Package: trimclip 2025/02/21 v1.2a Trim and clip general TeX material

(C:\Users\davide.leone\AppData\Local\Programs\MiKTeX\tex/latex/collectbox\colle
ctbox.sty
Package: collectbox 2022/10/17 v0.4c Collect macro arguments as boxes
\collectedbox=\box61
)
\tc@llx=\dimen187
\tc@lly=\dimen188
\tc@urx=\dimen189
\tc@ury=\dimen190
Package trimclip Info: Using driver 'tc-pdftex.def'.

(C:\Users\davide.leone\AppData\Local\Programs\MiKTeX\tex/latex/adjustbox\tc-pdf
tex.def
File: tc-pdftex.def 2025/02/26 v2.3 Clipping driver for pdftex
))
\adjbox@Width=\dimen191
\adjbox@Height=\dimen192
\adjbox@Depth=\dimen193
\adjbox@Totalheight=\dimen194
\adjbox@pwidth=\dimen195
\adjbox@pheight=\dimen196
\adjbox@pdepth=\dimen197
\adjbox@ptotalheight=\dimen198

(C:\Users\davide.leone\AppData\Local\Programs\MiKTeX\tex/latex/ifoddpage\ifoddp
age.sty
Package: ifoddpage 2022/10/18 v1.2 Conditionals for odd/even page detection
\c@checkoddpage=\count315
)
(C:\Users\davide.leone\AppData\Local\Programs\MiKTeX\tex/latex/varwidth\varwidt
h.sty
Package: varwidth 2009/03/30 ver 0.92;  Variable-width minipages
\@vwid@box=\box62
\sift@deathcycles=\count316
\@vwid@loff=\dimen199
\@vwid@roff=\dimen256
)
==> First Aid for varwidth.sty applied!
)
(C:\Users\davide.leone\AppData\Local\Programs\MiKTeX\tex/latex/wrapfig\wrapfig.
sty
\wrapoverhang=\dimen257
\WF@size=\dimen258
\c@WF@wrappedlines=\count317
\WF@box=\box63
\WF@everypar=\toks28
Package: wrapfig 2003/01/31  v 3.6
)
(C:\Users\davide.leone\AppData\Local\Programs\MiKTeX\tex/latex/float\float.sty
Package: float 2001/11/08 v1.3d Float enhancements (AL)
\c@float@type=\count318
\float@exts=\toks29
\float@box=\box64
\@float@everytoks=\toks30
\@floatcapt=\box65
)
(C:\Users\davide.leone\AppData\Local\Programs\MiKTeX\tex/latex/caption\subcapti
on.sty
Package: subcaption 2023/07/28 v1.6b Sub-captions (AR)

(C:\Users\davide.leone\AppData\Local\Programs\MiKTeX\tex/latex/caption\caption.
sty
Package: caption 2023/08/05 v3.6o Customizing captions (AR)

(C:\Users\davide.leone\AppData\Local\Programs\MiKTeX\tex/latex/caption\caption3
.sty
Package: caption3 2023/07/31 v2.4d caption3 kernel (AR)
\caption@tempdima=\dimen259
\captionmargin=\dimen260
\caption@leftmargin=\dimen261
\caption@rightmargin=\dimen262
\caption@width=\dimen263
\caption@indent=\dimen264
\caption@parindent=\dimen265
\caption@hangindent=\dimen266
Package caption Info: Standard document class detected.
)
\c@caption@flags=\count319
\c@continuedfloat=\count320
Package caption Info: float package is loaded.
Package caption Info: hyperref package is loaded.
Package caption Info: longtable package is loaded.

(C:\Users\davide.leone\AppData\Local\Programs\MiKTeX\tex/latex/caption\ltcaptio
n.sty
Package: ltcaption 2021/01/08 v1.4c longtable captions (AR)
)
Package caption Info: wrapfig package is loaded.
)
Package caption Info: New subtype `subfigure' on input line 238.
\c@subfigure=\count321
Package caption Info: New subtype `subtable' on input line 238.
\c@subtable=\count322
)
(C:\Users\davide.leone\AppData\Local\Programs\MiKTeX\tex/latex/listings\listing
s.sty
\lst@mode=\count323
\lst@gtempboxa=\box66
\lst@token=\toks31
\lst@length=\count324
\lst@currlwidth=\dimen267
\lst@column=\count325
\lst@pos=\count326
\lst@lostspace=\dimen268
\lst@width=\dimen269
\lst@newlines=\count327
\lst@lineno=\count328
\lst@maxwidth=\dimen270

(C:\Users\davide.leone\AppData\Local\Programs\MiKTeX\tex/latex/listings\lstpatc
h.sty
File: lstpatch.sty 2025/11/14 1.11b (Carsten Heinz)
)
(C:\Users\davide.leone\AppData\Local\Programs\MiKTeX\tex/latex/listings\lstmisc
.sty
File: lstmisc.sty 2025/11/14 1.11b (Carsten Heinz)
\c@lstnumber=\count329
\lst@skipnumbers=\count330
\lst@framebox=\box67
)
(C:\Users\davide.leone\AppData\Local\Programs\MiKTeX\tex/latex/listings\listing
s.cfg
File: listings.cfg 2025/11/14 1.11b listings configuration
))
Package: listings 2025/11/14 1.11b (Carsten Heinz)

==> First Aid for listings.sty no longer applied!
    Expected:
        2024/09/23 1.10c (Carsten Heinz)
    but found:
        2025/11/14 1.11b (Carsten Heinz)
    so I'm assuming it got fixed.

(C:\Users\davide.leone\AppData\Local\Programs\MiKTeX\tex/latex/minted\minted.st
y
Package: minted 2026/03/03 v3.8.0 Yet another Pygments shim for LaTeX

(C:\Users\davide.leone\AppData\Local\Programs\MiKTeX\tex/generic/catchfile\catc
hfile.sty
Package: catchfile 2019/12/09 v1.8 Catch the contents of a file (HO)

(C:\Users\davide.leone\AppData\Local\Programs\MiKTeX\tex/generic/etexcmds\etexc
mds.sty
Package: etexcmds 2019/12/15 v1.7 Avoid name clashes with e-TeX commands (HO)
))
(C:\Users\davide.leone\AppData\Local\Programs\MiKTeX\tex/latex/fvextra\fvextra.
sty
Package: fvextra 2026/02/25 v1.14.0 fvextra - extensions and patches for fancyv
rb

(C:\Users\davide.leone\AppData\Local\Programs\MiKTeX\tex/latex/fancyvrb\fancyvr
b.sty
Package: fancyvrb 2025/07/28 4.6 verbatim text (tvz,hv)
\FV@CodeLineNo=\count331
\FV@InFile=\read3
\FV@TabBox=\box68
\c@FancyVerbLine=\count332
\FV@StepNumber=\count333
\FV@OutFile=\write3
)
(C:\Users\davide.leone\AppData\Local\Programs\MiKTeX\tex/latex/upquote\upquote.
sty
Package: upquote 2012/04/19 v1.3 upright-quote and grave-accent glyphs in verba
tim

(C:\Users\davide.leone\AppData\Local\Programs\MiKTeX\tex/latex/base\textcomp.st
y
Package: textcomp 2024/04/24 v2.1b Standard LaTeX package
))
(C:\Users\davide.leone\AppData\Local\Programs\MiKTeX\tex/latex/lineno\lineno.st
y
Package: lineno 2026/03/08 line numbers on paragraphs v5.9
\linenopenalty=\count334
\output=\toks32
\linenoprevgraf=\count335
\linenumbersep=\dimen271
\linenumberwidth=\dimen272
\c@linenumber=\count336
\c@pagewiselinenumber=\count337
\c@LN@truepage=\count338
\c@internallinenumber=\count339
\c@internallinenumbers=\count340
\quotelinenumbersep=\dimen273
\bframerule=\dimen274
\bframesep=\dimen275
\bframebox=\box69
)
\c@FancyVerbWriteLine=\count341
\c@FancyVerbBufferLine=\count342
\c@FV@TrueTabGroupLevel=\count343
\c@FV@TrueTabCounter=\count344
\FV@TabBox@Group=\box70
\FV@bgcolorstructbox=\box71
\FV@TmpLength=\skip61
\c@FV@HighlightLinesStart=\count345
\c@FV@HighlightLinesStop=\count346
\FV@LoopCount=\count347
\FV@NCharsBox=\box72
\FV@BreakIndent=\dimen276
\FV@BreakIndentNChars=\count348
\FV@BreakSymbolSepLeft=\dimen277
\FV@BreakSymbolSepLeftNChars=\count349
\FV@BreakSymbolSepRight=\dimen278
\FV@BreakSymbolSepRightNChars=\count350
\FV@BreakSymbolIndentLeft=\dimen279
\FV@BreakSymbolIndentLeftNChars=\count351
\FV@BreakSymbolIndentRight=\dimen280
\FV@BreakSymbolIndentRightNChars=\count352
\c@FancyVerbLineBreakLast=\count353
\FV@LineBox=\box73
\FV@LineIndentBox=\box74
\c@FV@BreakBufferDepth=\count354
\FV@LineWidth=\dimen281
)
(C:\Users\davide.leone\AppData\Local\Programs\MiKTeX\tex/latex/latex2pydata\lat
ex2pydata.sty
Package: latex2pydata 2026/02/25 v0.7.0 latex2pydata - write data to file in Py
thon literal format
)
(C:\Users\davide.leone\AppData\Local\Programs\MiKTeX\tex/latex/pgf/utilities\pg
fkeys.sty
(C:\Users\davide.leone\AppData\Local\Programs\MiKTeX\tex/generic/pgf/utilities\
pgfkeys.code.tex
\pgfkeys@pathtoks=\toks33
\pgfkeys@temptoks=\toks34

(C:\Users\davide.leone\AppData\Local\Programs\MiKTeX\tex/generic/pgf/utilities\
pgfkeyslibraryfiltered.code.tex
\pgfkeys@tmptoks=\toks35
)))
(C:\Users\davide.leone\AppData\Local\Programs\MiKTeX\tex/latex/pgfopts\pgfopts.
sty
Package: pgfopts 2014/07/10 v2.1a LaTeX package options with pgfkeys
\pgfopts@list@add@a@toks=\toks36
\pgfopts@list@add@b@toks=\toks37
)
(C:\Users\davide.leone\AppData\Local\Programs\MiKTeX\tex/latex/tools\shellesc.s
ty
Package: shellesc 2023/07/08 v1.0d unified shell escape interface for LaTeX
Package shellesc Info: Restricted shell escape enabled on input line 77.
)
\c@minted@FancyVerbLineTemp=\count355
\@float@every@listing=\toks38
\c@listing=\count356
)
(C:\Users\davide.leone\AppData\Local\Programs\MiKTeX\tex/latex/graphics\color.s
ty
Package: color 2025/01/14 v1.3e Standard LaTeX Color (DPC)

(C:\Users\davide.leone\AppData\Local\Programs\MiKTeX\tex/latex/graphics-cfg\col
or.cfg
File: color.cfg 2016/01/02 v1.6 sample color configuration
)
Package color Info: Driver file: pdftex.def on input line 149.

(C:\Users\davide.leone\AppData\Local\Programs\MiKTeX\tex/latex/graphics\mathcol
or.ltx))
(C:\Users\davide.leone\AppData\Local\Programs\MiKTeX\tex/latex/xcolor\xcolor.st
y
Package: xcolor 2024/09/29 v3.02 LaTeX color extensions (UK)

(C:\Users\davide.leone\AppData\Local\Programs\MiKTeX\tex/latex/graphics-cfg\col
or.cfg
File: color.cfg 2016/01/02 v1.6 sample color configuration
)
Package xcolor Info: Driver file: pdftex.def on input line 274.
LaTeX Info: Redefining \color on input line 762.

(C:\Users\davide.leone\AppData\Local\Programs\MiKTeX\tex/latex/graphics\mathcol
or.ltx)
Package xcolor Info: Model `cmy' substituted by `cmy0' on input line 1349.
Package xcolor Info: Model `hsb' substituted by `rgb' on input line 1353.
Package xcolor Info: Model `RGB' extended on input line 1365.
Package xcolor Info: Model `HTML' substituted by `rgb' on input line 1367.
Package xcolor Info: Model `Hsb' substituted by `hsb' on input line 1368.
Package xcolor Info: Model `tHsb' substituted by `hsb' on input line 1369.
Package xcolor Info: Model `HSB' substituted by `hsb' on input line 1370.
Package xcolor Info: Model `Gray' substituted by `gray' on input line 1371.
Package xcolor Info: Model `wave' substituted by `hsb' on input line 1372.
)
(C:\Users\davide.leone\AppData\Local\Programs\MiKTeX\tex/latex/csquotes\csquote
s.sty
Package: csquotes 2024-04-04 v5.2o context-sensitive quotations (JAW)
\csq@reset=\count357
\csq@gtype=\count358
\csq@glevel=\count359
\csq@qlevel=\count360
\csq@maxlvl=\count361
\csq@tshold=\count362
\csq@ltx@everypar=\toks39

(C:\Users\davide.leone\AppData\Local\Programs\MiKTeX\tex/latex/csquotes\csquote
s.def
File: csquotes.def 2024-04-04 v5.2o csquotes generic definitions (JAW)
)
Package csquotes Info: Trying to load configuration file 'csquotes.cfg'...
Package csquotes Info: ... configuration file loaded successfully.

(C:\Users\davide.leone\AppData\Local\Programs\MiKTeX\tex/latex/csquotes\csquote
s.cfg
File: csquotes.cfg 
))
(C:\Users\davide.leone\AppData\Local\Programs\MiKTeX\tex/latex/amsmath\amsmath.
sty
Package: amsmath 2025/07/09 v2.17z AMS math features
\@mathmargin=\skip62

For additional information on amsmath, use the `?' option.

(C:\Users\davide.leone\AppData\Local\Programs\MiKTeX\tex/latex/amsmath\amstext.
sty
Package: amstext 2024/11/17 v2.01 AMS text

(C:\Users\davide.leone\AppData\Local\Programs\MiKTeX\tex/latex/amsmath\amsgen.s
ty
File: amsgen.sty 1999/11/30 v2.0 generic functions
\@emptytoks=\toks40
\ex@=\dimen282
))
(C:\Users\davide.leone\AppData\Local\Programs\MiKTeX\tex/latex/amsmath\amsbsy.s
ty
Package: amsbsy 1999/11/29 v1.2d Bold Symbols
\pmbraise@=\dimen283
)
(C:\Users\davide.leone\AppData\Local\Programs\MiKTeX\tex/latex/amsmath\amsopn.s
ty
Package: amsopn 2022/04/08 v2.04 operator names
)
\inf@bad=\count363
LaTeX Info: Redefining \frac on input line 233.
\uproot@=\count364
\leftroot@=\count365
LaTeX Info: Redefining \overline on input line 398.
LaTeX Info: Redefining \colon on input line 409.
\classnum@=\count366
\DOTSCASE@=\count367
LaTeX Info: Redefining \ldots on input line 495.
LaTeX Info: Redefining \dots on input line 498.
LaTeX Info: Redefining \cdots on input line 619.
\Mathstrutbox@=\box75
\strutbox@=\box76
LaTeX Info: Redefining \big on input line 721.
LaTeX Info: Redefining \Big on input line 722.
LaTeX Info: Redefining \bigg on input line 723.
LaTeX Info: Redefining \Bigg on input line 724.
\big@size=\dimen284
LaTeX Font Info:    Redeclaring font encoding OML on input line 742.
LaTeX Font Info:    Redeclaring font encoding OMS on input line 743.
\macc@depth=\count368
LaTeX Info: Redefining \bmod on input line 904.
LaTeX Info: Redefining \pmod on input line 909.
LaTeX Info: Redefining \smash on input line 939.
LaTeX Info: Redefining \relbar on input line 969.
LaTeX Info: Redefining \Relbar on input line 970.
\c@MaxMatrixCols=\count369
\dotsspace@=\muskip18
\c@parentequation=\count370
\dspbrk@lvl=\count371
\tag@help=\toks41
\row@=\count372
\column@=\count373
\maxfields@=\count374
\andhelp@=\toks42
\eqnshift@=\dimen285
\alignsep@=\dimen286
\tagshift@=\dimen287
\tagwidth@=\dimen288
\totwidth@=\dimen289
\lineht@=\dimen290
\@envbody=\toks43
\multlinegap=\skip63
\multlinetaggap=\skip64
\mathdisplay@stack=\toks44
LaTeX Info: Redefining \[ on input line 2950.
LaTeX Info: Redefining \] on input line 2951.
)
\@LN@amsmath@ams@eqpen=\count375

(C:\Users\davide.leone\AppData\Local\Programs\MiKTeX\tex/latex/amsfonts\amssymb
.sty
Package: amssymb 2013/01/14 v3.01 AMS font symbols

(C:\Users\davide.leone\AppData\Local\Programs\MiKTeX\tex/latex/amsfonts\amsfont
s.sty
Package: amsfonts 2013/01/14 v3.01 Basic AMSFonts support
\symAMSa=\mathgroup4
\symAMSb=\mathgroup5
LaTeX Font Info:    Redeclaring math symbol \hbar on input line 98.
LaTeX Font Info:    Overwriting math alphabet `\mathfrak' in version `bold'
(Font)                  U/euf/m/n --> U/euf/b/n on input line 106.
))
(C:\Users\davide.leone\AppData\Local\Programs\MiKTeX\tex/latex/stmaryrd\stmaryr
d.sty
Package: stmaryrd 1994/03/03 St Mary's Road symbol package
\symstmry=\mathgroup6
LaTeX Font Info:    Overwriting symbol font `stmry' in version `bold'
(Font)                  U/stmry/m/n --> U/stmry/b/n on input line 89.
)
(C:\Users\davide.leone\AppData\Local\Programs\MiKTeX\tex/latex/algorithm2e\algo
rithm2e.sty
Package: algorithm2e 2017/07/18 v5.2 algorithms environments
\c@AlgoLine=\count376

(C:\Users\davide.leone\AppData\Local\Programs\MiKTeX\tex/latex/base\ifthen.sty
Package: ifthen 2024/03/16 v1.1e Standard LaTeX ifthen package (DPC)
)
\algocf@hangindent=\skip65

(C:\Users\davide.leone\AppData\Local\Programs\MiKTeX\tex/latex/tools\xspace.sty
Package: xspace 2014/10/28 v1.13 Space after command names (DPC,MH)
)
(C:\Users\davide.leone\AppData\Local\Programs\MiKTeX\tex/latex/relsize\relsize.
sty
Package: relsize 2013/03/29 ver 4.1
)
\skiptotal=\skip66
\skiplinenumber=\skip67
\skiprule=\skip68
\skiphlne=\skip69
\skiptext=\skip70
\skiplength=\skip71
\algomargin=\skip72
\skipalgocfslide=\skip73
\algowidth=\dimen291
\inoutsize=\dimen292
\inoutindent=\dimen293
\interspacetitleruled=\dimen294
\interspacealgoruled=\dimen295
\interspacetitleboxruled=\dimen296
\algocf@ruledwidth=\skip74
\algocf@inoutbox=\box77
\algocf@inputbox=\box78
\AlCapSkip=\skip75
\AlCapHSkip=\skip76
\algoskipindent=\skip77
\algocf@nlbox=\box79
\algocf@hangingbox=\box80
\algocf@untilbox=\box81
\algocf@skipuntil=\skip78
\algocf@capbox=\box82
\algocf@lcaptionbox=\skip79
\algoheightruledefault=\skip80
\algoheightrule=\skip81
\algotitleheightruledefault=\skip82
\algotitleheightrule=\skip83
\c@algocfline=\count377
\c@algocfproc=\count378
\c@algocf=\count379
\algocf@algoframe=\box83
\algocf@algobox=\box84
)
(C:\Users\davide.leone\AppData\Local\Programs\MiKTeX\tex/latex/pgf/frontendlaye
r\tikz.sty
(C:\Users\davide.leone\AppData\Local\Programs\MiKTeX\tex/latex/pgf/basiclayer\p
gf.sty
(C:\Users\davide.leone\AppData\Local\Programs\MiKTeX\tex/latex/pgf/utilities\pg
frcs.sty
(C:\Users\davide.leone\AppData\Local\Programs\MiKTeX\tex/generic/pgf/utilities\
pgfutil-common.tex
\pgfutil@everybye=\toks45
\pgfutil@tempdima=\dimen297
\pgfutil@tempdimb=\dimen298
)
(C:\Users\davide.leone\AppData\Local\Programs\MiKTeX\tex/generic/pgf/utilities\
pgfutil-latex.def
\pgfutil@abb=\box85
)
(C:\Users\davide.leone\AppData\Local\Programs\MiKTeX\tex/generic/pgf/utilities\
pgfrcs.code.tex
(C:\Users\davide.leone\AppData\Local\Programs\MiKTeX\tex/generic/pgf\pgf.revisi
on.tex)
Package: pgfrcs 2025-08-29 v3.1.11a (3.1.11a)
))
Package: pgf 2025-08-29 v3.1.11a (3.1.11a)

(C:\Users\davide.leone\AppData\Local\Programs\MiKTeX\tex/latex/pgf/basiclayer\p
gfcore.sty
(C:\Users\davide.leone\AppData\Local\Programs\MiKTeX\tex/latex/pgf/systemlayer\
pgfsys.sty
(C:\Users\davide.leone\AppData\Local\Programs\MiKTeX\tex/generic/pgf/systemlaye
r\pgfsys.code.tex
Package: pgfsys 2025-08-29 v3.1.11a (3.1.11a)
\pgf@x=\dimen299
\pgf@y=\dimen300
\pgf@xa=\dimen301
\pgf@ya=\dimen302
\pgf@xb=\dimen303
\pgf@yb=\dimen304
\pgf@xc=\dimen305
\pgf@yc=\dimen306
\pgf@xd=\dimen307
\pgf@yd=\dimen308
\w@pgf@writea=\write4
\r@pgf@reada=\read4
\c@pgf@counta=\count380
\c@pgf@countb=\count381
\c@pgf@countc=\count382
\c@pgf@countd=\count383
\t@pgf@toka=\toks46
\t@pgf@tokb=\toks47
\t@pgf@tokc=\toks48
\pgf@sys@id@count=\count384

(C:\Users\davide.leone\AppData\Local\Programs\MiKTeX\tex/generic/pgf/systemlaye
r\pgf.cfg
File: pgf.cfg 2025-08-29 v3.1.11a (3.1.11a)
)
Driver file for pgf: pgfsys-pdftex.def

(C:\Users\davide.leone\AppData\Local\Programs\MiKTeX\tex/generic/pgf/systemlaye
r\pgfsys-pdftex.def
File: pgfsys-pdftex.def 2025-08-29 v3.1.11a (3.1.11a)

(C:\Users\davide.leone\AppData\Local\Programs\MiKTeX\tex/generic/pgf/systemlaye
r\pgfsys-common-pdf.def
File: pgfsys-common-pdf.def 2025-08-29 v3.1.11a (3.1.11a)
)))
(C:\Users\davide.leone\AppData\Local\Programs\MiKTeX\tex/generic/pgf/systemlaye
r\pgfsyssoftpath.code.tex
File: pgfsyssoftpath.code.tex 2025-08-29 v3.1.11a (3.1.11a)
\pgfsyssoftpath@smallbuffer@items=\count385
\pgfsyssoftpath@bigbuffer@items=\count386
)
(C:\Users\davide.leone\AppData\Local\Programs\MiKTeX\tex/generic/pgf/systemlaye
r\pgfsysprotocol.code.tex
File: pgfsysprotocol.code.tex 2025-08-29 v3.1.11a (3.1.11a)
))
(C:\Users\davide.leone\AppData\Local\Programs\MiKTeX\tex/generic/pgf/basiclayer
\pgfcore.code.tex
Package: pgfcore 2025-08-29 v3.1.11a (3.1.11a)

(C:\Users\davide.leone\AppData\Local\Programs\MiKTeX\tex/generic/pgf/math\pgfma
th.code.tex
(C:\Users\davide.leone\AppData\Local\Programs\MiKTeX\tex/generic/pgf/math\pgfma
thutil.code.tex)
(C:\Users\davide.leone\AppData\Local\Programs\MiKTeX\tex/generic/pgf/math\pgfma
thparser.code.tex
\pgfmath@dimen=\dimen309
\pgfmath@count=\count387
\pgfmath@box=\box86
\pgfmath@toks=\toks49
\pgfmath@stack@operand=\toks50
\pgfmath@stack@operation=\toks51
)
(C:\Users\davide.leone\AppData\Local\Programs\MiKTeX\tex/generic/pgf/math\pgfma
thfunctions.code.tex)
(C:\Users\davide.leone\AppData\Local\Programs\MiKTeX\tex/generic/pgf/math\pgfma
thfunctions.basic.code.tex)
(C:\Users\davide.leone\AppData\Local\Programs\MiKTeX\tex/generic/pgf/math\pgfma
thfunctions.trigonometric.code.tex)
(C:\Users\davide.leone\AppData\Local\Programs\MiKTeX\tex/generic/pgf/math\pgfma
thfunctions.random.code.tex)
(C:\Users\davide.leone\AppData\Local\Programs\MiKTeX\tex/generic/pgf/math\pgfma
thfunctions.comparison.code.tex)
(C:\Users\davide.leone\AppData\Local\Programs\MiKTeX\tex/generic/pgf/math\pgfma
thfunctions.base.code.tex)
(C:\Users\davide.leone\AppData\Local\Programs\MiKTeX\tex/generic/pgf/math\pgfma
thfunctions.round.code.tex)
(C:\Users\davide.leone\AppData\Local\Programs\MiKTeX\tex/generic/pgf/math\pgfma
thfunctions.misc.code.tex)
(C:\Users\davide.leone\AppData\Local\Programs\MiKTeX\tex/generic/pgf/math\pgfma
thfunctions.integerarithmetics.code.tex)
(C:\Users\davide.leone\AppData\Local\Programs\MiKTeX\tex/generic/pgf/math\pgfma
thcalc.code.tex)
(C:\Users\davide.leone\AppData\Local\Programs\MiKTeX\tex/generic/pgf/math\pgfma
thfloat.code.tex
\c@pgfmathroundto@lastzeros=\count388
))
(C:\Users\davide.leone\AppData\Local\Programs\MiKTeX\tex/generic/pgf/math\pgfin
t.code.tex)
(C:\Users\davide.leone\AppData\Local\Programs\MiKTeX\tex/generic/pgf/basiclayer
\pgfcorepoints.code.tex
File: pgfcorepoints.code.tex 2025-08-29 v3.1.11a (3.1.11a)
\pgf@picminx=\dimen310
\pgf@picmaxx=\dimen311
\pgf@picminy=\dimen312
\pgf@picmaxy=\dimen313
\pgf@pathminx=\dimen314
\pgf@pathmaxx=\dimen315
\pgf@pathminy=\dimen316
\pgf@pathmaxy=\dimen317
\pgf@xx=\dimen318
\pgf@xy=\dimen319
\pgf@yx=\dimen320
\pgf@yy=\dimen321
\pgf@zx=\dimen322
\pgf@zy=\dimen323
)
(C:\Users\davide.leone\AppData\Local\Programs\MiKTeX\tex/generic/pgf/basiclayer
\pgfcorepathconstruct.code.tex
File: pgfcorepathconstruct.code.tex 2025-08-29 v3.1.11a (3.1.11a)
\pgf@path@lastx=\dimen324
\pgf@path@lasty=\dimen325
)
(C:\Users\davide.leone\AppData\Local\Programs\MiKTeX\tex/generic/pgf/basiclayer
\pgfcorepathusage.code.tex
File: pgfcorepathusage.code.tex 2025-08-29 v3.1.11a (3.1.11a)
\pgf@shorten@end@additional=\dimen326
\pgf@shorten@start@additional=\dimen327
)
(C:\Users\davide.leone\AppData\Local\Programs\MiKTeX\tex/generic/pgf/basiclayer
\pgfcorescopes.code.tex
File: pgfcorescopes.code.tex 2025-08-29 v3.1.11a (3.1.11a)
\pgfpic=\box87
\pgf@hbox=\box88
\pgf@layerbox@main=\box89
\pgf@picture@serial@count=\count389
)
(C:\Users\davide.leone\AppData\Local\Programs\MiKTeX\tex/generic/pgf/basiclayer
\pgfcoregraphicstate.code.tex
File: pgfcoregraphicstate.code.tex 2025-08-29 v3.1.11a (3.1.11a)
\pgflinewidth=\dimen328
)
(C:\Users\davide.leone\AppData\Local\Programs\MiKTeX\tex/generic/pgf/basiclayer
\pgfcoretransformations.code.tex
File: pgfcoretransformations.code.tex 2025-08-29 v3.1.11a (3.1.11a)
\pgf@pt@x=\dimen329
\pgf@pt@y=\dimen330
\pgf@pt@temp=\dimen331
)
(C:\Users\davide.leone\AppData\Local\Programs\MiKTeX\tex/generic/pgf/basiclayer
\pgfcorequick.code.tex
File: pgfcorequick.code.tex 2025-08-29 v3.1.11a (3.1.11a)
)
(C:\Users\davide.leone\AppData\Local\Programs\MiKTeX\tex/generic/pgf/basiclayer
\pgfcoreobjects.code.tex
File: pgfcoreobjects.code.tex 2025-08-29 v3.1.11a (3.1.11a)
)
(C:\Users\davide.leone\AppData\Local\Programs\MiKTeX\tex/generic/pgf/basiclayer
\pgfcorepathprocessing.code.tex
File: pgfcorepathprocessing.code.tex 2025-08-29 v3.1.11a (3.1.11a)
)
(C:\Users\davide.leone\AppData\Local\Programs\MiKTeX\tex/generic/pgf/basiclayer
\pgfcorearrows.code.tex
File: pgfcorearrows.code.tex 2025-08-29 v3.1.11a (3.1.11a)
\pgfarrowsep=\dimen332
)
(C:\Users\davide.leone\AppData\Local\Programs\MiKTeX\tex/generic/pgf/basiclayer
\pgfcoreshade.code.tex
File: pgfcoreshade.code.tex 2025-08-29 v3.1.11a (3.1.11a)
\pgf@max=\dimen333
\pgf@sys@shading@range@num=\count390
\pgf@shadingcount=\count391
)
(C:\Users\davide.leone\AppData\Local\Programs\MiKTeX\tex/generic/pgf/basiclayer
\pgfcoreimage.code.tex
File: pgfcoreimage.code.tex 2025-08-29 v3.1.11a (3.1.11a)
)
(C:\Users\davide.leone\AppData\Local\Programs\MiKTeX\tex/generic/pgf/basiclayer
\pgfcoreexternal.code.tex
File: pgfcoreexternal.code.tex 2025-08-29 v3.1.11a (3.1.11a)
\pgfexternal@startupbox=\box90
)
(C:\Users\davide.leone\AppData\Local\Programs\MiKTeX\tex/generic/pgf/basiclayer
\pgfcorelayers.code.tex
File: pgfcorelayers.code.tex 2025-08-29 v3.1.11a (3.1.11a)
)
(C:\Users\davide.leone\AppData\Local\Programs\MiKTeX\tex/generic/pgf/basiclayer
\pgfcoretransparency.code.tex
File: pgfcoretransparency.code.tex 2025-08-29 v3.1.11a (3.1.11a)
)
(C:\Users\davide.leone\AppData\Local\Programs\MiKTeX\tex/generic/pgf/basiclayer
\pgfcorepatterns.code.tex
File: pgfcorepatterns.code.tex 2025-08-29 v3.1.11a (3.1.11a)
)
(C:\Users\davide.leone\AppData\Local\Programs\MiKTeX\tex/generic/pgf/basiclayer
\pgfcorerdf.code.tex
File: pgfcorerdf.code.tex 2025-08-29 v3.1.11a (3.1.11a)
)))
(C:\Users\davide.leone\AppData\Local\Programs\MiKTeX\tex/generic/pgf/modules\pg
fmoduleshapes.code.tex
File: pgfmoduleshapes.code.tex 2025-08-29 v3.1.11a (3.1.11a)
\pgfnodeparttextbox=\box91
)
(C:\Users\davide.leone\AppData\Local\Programs\MiKTeX\tex/generic/pgf/modules\pg
fmoduleplot.code.tex
File: pgfmoduleplot.code.tex 2025-08-29 v3.1.11a (3.1.11a)
)
(C:\Users\davide.leone\AppData\Local\Programs\MiKTeX\tex/latex/pgf/compatibilit
y\pgfcomp-version-0-65.sty
Package: pgfcomp-version-0-65 2025-08-29 v3.1.11a (3.1.11a)
\pgf@nodesepstart=\dimen334
\pgf@nodesepend=\dimen335
)
(C:\Users\davide.leone\AppData\Local\Programs\MiKTeX\tex/latex/pgf/compatibilit
y\pgfcomp-version-1-18.sty
Package: pgfcomp-version-1-18 2025-08-29 v3.1.11a (3.1.11a)
))
(C:\Users\davide.leone\AppData\Local\Programs\MiKTeX\tex/latex/pgf/utilities\pg
ffor.sty
(C:\Users\davide.leone\AppData\Local\Programs\MiKTeX\tex/latex/pgf/math\pgfmath
.sty
(C:\Users\davide.leone\AppData\Local\Programs\MiKTeX\tex/generic/pgf/math\pgfma
th.code.tex))
(C:\Users\davide.leone\AppData\Local\Programs\MiKTeX\tex/generic/pgf/utilities\
pgffor.code.tex
Package: pgffor 2025-08-29 v3.1.11a (3.1.11a)
\pgffor@iter=\dimen336
\pgffor@skip=\dimen337
\pgffor@stack=\toks52
\pgffor@toks=\toks53
))
(C:\Users\davide.leone\AppData\Local\Programs\MiKTeX\tex/generic/pgf/frontendla
yer/tikz\tikz.code.tex
Package: tikz 2025-08-29 v3.1.11a (3.1.11a)

(C:\Users\davide.leone\AppData\Local\Programs\MiKTeX\tex/generic/pgf/libraries\
pgflibraryplothandlers.code.tex
File: pgflibraryplothandlers.code.tex 2025-08-29 v3.1.11a (3.1.11a)
\pgf@plot@mark@count=\count392
\pgfplotmarksize=\dimen338
)
\tikz@lastx=\dimen339
\tikz@lasty=\dimen340
\tikz@lastxsaved=\dimen341
\tikz@lastysaved=\dimen342
\tikz@lastmovetox=\dimen343
\tikz@lastmovetoy=\dimen344
\tikzleveldistance=\dimen345
\tikzsiblingdistance=\dimen346
\tikz@figbox=\box92
\tikz@figbox@bg=\box93
\tikz@tempbox=\box94
\tikz@tempbox@bg=\box95
\tikztreelevel=\count393
\tikznumberofchildren=\count394
\tikznumberofcurrentchild=\count395
\tikz@fig@count=\count396

(C:\Users\davide.leone\AppData\Local\Programs\MiKTeX\tex/generic/pgf/modules\pg
fmodulematrix.code.tex
File: pgfmodulematrix.code.tex 2025-08-29 v3.1.11a (3.1.11a)
\pgfmatrixcurrentrow=\count397
\pgfmatrixcurrentcolumn=\count398
\pgf@matrix@numberofcolumns=\count399
)
\tikz@expandcount=\count400

(C:\Users\davide.leone\AppData\Local\Programs\MiKTeX\tex/generic/pgf/frontendla
yer/tikz/libraries\tikzlibrarytopaths.code.tex
File: tikzlibrarytopaths.code.tex 2025-08-29 v3.1.11a (3.1.11a)
)))
(C:\Users\davide.leone\AppData\Local\Programs\MiKTeX\tex/generic/pgf/libraries\
pgflibraryarrows.meta.code.tex
File: pgflibraryarrows.meta.code.tex 2025-08-29 v3.1.11a (3.1.11a)
\pgfarrowinset=\dimen347
\pgfarrowlength=\dimen348
\pgfarrowwidth=\dimen349
\pgfarrowlinewidth=\dimen350
)
(C:\Users\davide.leone\AppData\Local\Programs\MiKTeX\tex/generic/pgf/frontendla
yer/tikz/libraries\tikzlibrarypositioning.code.tex
File: tikzlibrarypositioning.code.tex 2025-08-29 v3.1.11a (3.1.11a)
)
(C:\Users\davide.leone\AppData\Local\Programs\MiKTeX\tex/generic/pgf/frontendla
yer/tikz/libraries\tikzlibraryshapes.geometric.code.tex
File: tikzlibraryshapes.geometric.code.tex 2025-08-29 v3.1.11a (3.1.11a)

(C:\Users\davide.leone\AppData\Local\Programs\MiKTeX\tex/generic/pgf/libraries/
shapes\pgflibraryshapes.geometric.code.tex
File: pgflibraryshapes.geometric.code.tex 2025-08-29 v3.1.11a (3.1.11a)
))
(C:\Users\davide.leone\AppData\Local\Programs\MiKTeX\tex/generic/pgf/frontendla
yer/tikz/libraries\tikzlibraryfit.code.tex
File: tikzlibraryfit.code.tex 2025-08-29 v3.1.11a (3.1.11a)
)
(C:\Users\davide.leone\AppData\Local\Programs\MiKTeX\tex/generic/pgf/frontendla
yer/tikz/libraries\tikzlibrarycalc.code.tex
File: tikzlibrarycalc.code.tex 2025-08-29 v3.1.11a (3.1.11a)
)
(C:\Users\davide.leone\AppData\Local\Programs\MiKTeX\tex/generic/pgf/frontendla
yer/tikz/libraries\tikzlibrarybackgrounds.code.tex
File: tikzlibrarybackgrounds.code.tex 2025-08-29 v3.1.11a (3.1.11a)
\pgf@layerbox@background=\box96
\pgf@layerboxsaved@background=\box97
)
(C:\Users\davide.leone\AppData\Local\Programs\MiKTeX\tex/latex/todonotes\todono
tes.sty
Package: todonotes 2024/01/05 v1.1.7 Todonotes source and documentation.
Package: todonotes 2024/01/05

(C:\Users\davide.leone\AppData\Local\Programs\MiKTeX\tex/latex/tools\calc.sty
Package: calc 2025/03/01 v4.3b Infix arithmetic (KKT,FJ)
\calc@Acount=\count401
\calc@Bcount=\count402
\calc@Adimen=\dimen351
\calc@Bdimen=\dimen352
\calc@Askip=\skip84
\calc@Bskip=\skip85
LaTeX Info: Redefining \setlength on input line 86.
LaTeX Info: Redefining \addtolength on input line 87.
\calc@Ccount=\count403
\calc@Cskip=\skip86
)
\c@@todonotes@numberoftodonotes=\count404
))
Package csquotes Info: Checking for multilingual support...
Package csquotes Info: ... found 'babel' package.
Package csquotes Info: Adjusting default style.
Package csquotes Info: Redefining alias 'default' -> 'english'.
LaTeX Font Info:    Trying to load font information for T1+lmr on input line 3.

 (C:\Users\davide.leone\AppData\Local\Programs\MiKTeX\tex/latex/lm\t1lmr.fd
File: t1lmr.fd 2015/05/01 v1.6.1 Font defs for Latin Modern
)
(C:\Users\davide.leone\AppData\Local\Programs\MiKTeX\tex/latex/l3backend\l3back
end-pdftex.def
File: l3backend-pdftex.def 2025-10-09 L3 backend support: PDF output (pdfTeX)
\l__color_backend_stack_int=\count405
) (thesis.aux)
\openout1 = `thesis.aux'.

LaTeX Font Info:    Checking defaults for OML/cmm/m/it on input line 3.
LaTeX Font Info:    ... okay on input line 3.
LaTeX Font Info:    Checking defaults for OMS/cmsy/m/n on input line 3.
LaTeX Font Info:    ... okay on input line 3.
LaTeX Font Info:    Checking defaults for OT1/cmr/m/n on input line 3.
LaTeX Font Info:    ... okay on input line 3.
LaTeX Font Info:    Checking defaults for T1/cmr/m/n on input line 3.
LaTeX Font Info:    ... okay on input line 3.
LaTeX Font Info:    Checking defaults for TS1/cmr/m/n on input line 3.
LaTeX Font Info:    ... okay on input line 3.
LaTeX Font Info:    Checking defaults for OMX/cmex/m/n on input line 3.
LaTeX Font Info:    ... okay on input line 3.
LaTeX Font Info:    Checking defaults for U/cmr/m/n on input line 3.
LaTeX Font Info:    ... okay on input line 3.
LaTeX Font Info:    Checking defaults for PD1/pdf/m/n on input line 3.
LaTeX Font Info:    ... okay on input line 3.
LaTeX Font Info:    Checking defaults for PU/pdf/m/n on input line 3.
LaTeX Font Info:    ... okay on input line 3.

*geometry* driver: auto-detecting
*geometry* detected driver: pdftex
*geometry* verbose mode - [ preamble ] result:
* driver: pdftex
* paper: a4paper
* layout: <same size as paper>
* layoutoffset:(h,v)=(0.0pt,0.0pt)
* modes: 
* h-part:(L,W,R)=(89.62709pt, 418.25368pt, 89.6271pt)
* v-part:(T,H,B)=(85.35826pt, 688.5567pt, 71.13188pt)
* \paperwidth=597.50787pt
* \paperheight=845.04684pt
* \textwidth=418.25368pt
* \textheight=688.5567pt
* \oddsidemargin=17.3571pt
* \evensidemargin=17.3571pt
* \topmargin=-23.91173pt
* \headheight=12.0pt
* \headsep=25.0pt
* \topskip=11.0pt
* \footskip=30.0pt
* \marginparwidth=56.9055pt
* \marginparsep=10.0pt
* \columnsep=10.0pt
* \skip\footins=10.0pt plus 4.0pt minus 2.0pt
* \hoffset=0.0pt
* \voffset=0.0pt
* \mag=1000
* \@twocolumnfalse
* \@twosidefalse
* \@mparswitchfalse
* \@reversemarginfalse
* (1in=72.27pt=25.4mm, 1cm=28.453pt)

Package microtype Info: Patching varwidth to enable character protrusion.
\MT@vwid@leftmargin=\dimen353
\MT@vwid@rightmargin=\dimen354
LaTeX Info: Redefining \microtypecontext on input line 3.
Package microtype Info: Applying patch `item' on input line 3.
Package microtype Info: Applying patch `toc' on input line 3.
Package microtype Info: Applying patch `eqnum' on input line 3.
Package microtype Info: Applying patch `footnote' on input line 3.
Package microtype Info: Applying patch `verbatim' on input line 3.
LaTeX Info: Redefining \microtypesetup on input line 3.
Package microtype Info: Generating PDF output.
Package microtype Info: Character protrusion enabled (level 2).
Package microtype Info: Using default protrusion set `alltext'.
Package microtype Info: Automatic font expansion enabled (level 2),
(microtype)             stretch: 20, shrink: 20, step: 1, non-selected.
Package microtype Info: Using default expansion set `alltext-nott'.
Package microtype Info: Patching command `\showhyphens'.
Package microtype Info: No adjustment of tracking.
Package microtype Info: No adjustment of interword spacing.
Package microtype Info: No adjustment of character kerning.

(C:\Users\davide.leone\AppData\Local\Programs\MiKTeX\tex/latex/microtype\mt-cmr
.cfg
File: mt-cmr.cfg 2013/05/19 v2.2 microtype config. file: Computer Modern Roman 
(RS)
)
Package hyperref Info: Link coloring ON on input line 3.
\@outlinefile=\write5
\openout5 = `thesis.out'.


! I can't write on file `thesis.pdf'.
(Press Enter to retry, or Control-C to exit; default file extension is `.pdf')
Please type another file name for output
! Emergency stop.
<to be read again> 
                   \edef 
l.3 \begin{document}
                    
*** (job aborted, file error in nonstop mode)

 
Here is how much of TeX's memory you used:
 34707 strings out of 467871
 688253 string characters out of 5414988
 1247956 words of memory out of 5000000
 63077 multiletter control sequences out of 15000+600000
 631946 words of font info for 45 fonts, out of 8000000 for 9000
 1141 hyphenation exceptions out of 8191
 90i,0n,136p,1005b,266s stack positions out of 10000i,1000n,20000p,200000b,200000s
!  ==> Fatal error occurred, no output PDF file produced!
