\BOOKMARK [0][-]{chapter.1}{\376\377\000I\000n\000t\000r\000o\000d\000u\000c\000t\000i\000o\000n}{}% 1
\BOOKMARK [0][-]{chapter.2}{\376\377\000A\000d\000v\000a\000n\000c\000e\000d\000\040\000E\000n\000c\000r\000y\000p\000t\000i\000o\000n\000\040\000S\000t\000a\000n\000d\000a\000r\000d\000\040\000\050\000A\000E\000S\000\051}{}% 2
\BOOKMARK [1][-]{section.2.1}{\376\377\000I\000n\000t\000r\000o\000d\000u\000c\000t\000i\000o\000n}{chapter.2}% 3
\BOOKMARK [1][-]{section.2.2}{\376\377\000T\000h\000e\000\040\000A\000l\000g\000o\000r\000i\000t\000h\000m}{chapter.2}% 4
\BOOKMARK [2][-]{subsection.2.2.1}{\376\377\000A\000l\000g\000o\000r\000i\000t\000h\000m\000\040\000S\000t\000e\000p\000s\000\040\000-\000\040\000E\000n\000c\000r\000y\000p\000t\000i\000o\000n}{section.2.2}% 5
\BOOKMARK [2][-]{subsection.2.2.2}{\376\377\000K\000e\000y\000\040\000S\000c\000h\000e\000d\000u\000l\000e\000\040\000O\000p\000e\000r\000a\000t\000i\000o\000n}{section.2.2}% 6
\BOOKMARK [2][-]{subsection.2.2.3}{\376\377\000A\000l\000g\000o\000r\000i\000t\000h\000m\000\040\000S\000t\000e\000p\000s\000\040\000-\000\040\000D\000e\000c\000r\000y\000p\000t\000i\000o\000n}{section.2.2}% 7
\BOOKMARK [1][-]{section.2.3}{\376\377\000C\000r\000y\000p\000t\000a\000n\000a\000l\000y\000s\000i\000s}{chapter.2}% 8
\BOOKMARK [2][-]{subsection.2.3.1}{\376\377\000M\000e\000t\000h\000o\000d\000o\000l\000o\000g\000y\000\040\000O\000v\000e\000r\000v\000i\000e\000w}{section.2.3}% 9
\BOOKMARK [2][-]{subsection.2.3.2}{\376\377\000G\000e\000n\000e\000r\000i\000c\000\040\000A\000t\000t\000a\000c\000k\000s}{section.2.3}% 10
\BOOKMARK [2][-]{subsection.2.3.3}{\376\377\000S\000h\000o\000r\000t\000c\000u\000t\000\040\000A\000t\000t\000a\000c\000k\000s}{section.2.3}% 11
\BOOKMARK [2][-]{subsection.2.3.4}{\376\377\000A\000E\000S\000\040\000S\000e\000c\000u\000r\000i\000t\000y\000\040\000a\000n\000d\000\040\000C\000o\000u\000n\000t\000e\000r\000m\000e\000a\000s\000u\000r\000e\000s\000\040\000A\000g\000a\000i\000n\000s\000t\000\040\000C\000r\000y\000p\000t\000a\000n\000a\000l\000y\000s\000i\000s}{section.2.3}% 12
\BOOKMARK [0][-]{chapter.3}{\376\377\000P\000o\000w\000e\000r\000\040\000A\000n\000a\000l\000y\000s\000i\000s}{}% 13
\BOOKMARK [1][-]{section.3.1}{\376\377\000I\000n\000t\000r\000o\000d\000u\000c\000t\000i\000o\000n\000\040\000t\000o\000\040\000S\000i\000d\000e\000-\000C\000h\000a\000n\000n\000e\000l\000\040\000A\000n\000a\000l\000y\000s\000i\000s}{chapter.3}% 14
\BOOKMARK [1][-]{section.3.2}{\376\377\000P\000o\000w\000e\000r\000\040\000A\000n\000a\000l\000y\000s\000i\000s}{chapter.3}% 15
\BOOKMARK [2][-]{subsection.3.2.1}{\376\377\000A\000t\000t\000a\000c\000k\000\040\000I\000n\000s\000t\000r\000u\000m\000e\000n\000t\000a\000t\000i\000o\000n\000\040\000a\000n\000d\000\040\000C\000i\000r\000c\000u\000i\000t\000\040\000C\000o\000n\000f\000i\000g\000u\000r\000a\000t\000i\000o\000n}{section.3.2}% 16
\BOOKMARK [1][-]{section.3.3}{\376\377\000S\000i\000m\000p\000l\000e\000\040\000P\000o\000w\000e\000r\000\040\000A\000n\000a\000l\000y\000s\000i\000s\000\040\000\050\000S\000P\000A\000\051}{chapter.3}% 17
\BOOKMARK [2][-]{subsection.3.3.1}{\376\377\000S\000P\000A\000:\000\040\000A\000t\000t\000a\000c\000k\000\040\000D\000e\000m\000o\000n\000s\000t\000r\000a\000t\000i\000o\000n\000s}{section.3.3}% 18
\BOOKMARK [1][-]{section.3.4}{\376\377\000D\000i\000f\000f\000e\000r\000e\000n\000t\000i\000a\000l\000\040\000P\000o\000w\000e\000r\000\040\000A\000n\000a\000l\000y\000s\000i\000s\000\040\000\050\000D\000P\000A\000\051}{chapter.3}% 19
\BOOKMARK [2][-]{subsection.3.4.1}{\376\377\000D\000P\000A\000:\000\040\000A\000t\000t\000a\000c\000k\000i\000n\000g\000\040\000a\000n\000\040\000A\000E\000S\000-\0001\0002\0008\000\040\000s\000o\000f\000t\000w\000a\000r\000e\000\040\000i\000m\000p\000l\000e\000m\000e\000n\000t\000a\000t\000i\000o\000n}{section.3.4}% 20
\BOOKMARK [1][-]{section.3.5}{\376\377\000C\000o\000r\000r\000e\000l\000a\000t\000i\000o\000n\000\040\000P\000o\000w\000e\000r\000\040\000A\000n\000a\000l\000y\000s\000i\000s\000\040\000\050\000C\000P\000A\000\051}{chapter.3}% 21
\BOOKMARK [2][-]{subsection.3.5.1}{\376\377\000T\000h\000e\000\040\000L\000e\000a\000k\000a\000g\000e\000\040\000M\000o\000d\000e\000l}{section.3.5}% 22
\BOOKMARK [2][-]{subsection.3.5.2}{\376\377\000C\000o\000m\000p\000u\000t\000i\000n\000g\000\040\000t\000h\000e\000\040\000e\000s\000t\000i\000m\000a\000t\000e\000d\000\040\000l\000e\000a\000k\000a\000g\000e}{section.3.5}% 23
\BOOKMARK [2][-]{subsection.3.5.3}{\376\377\000C\000o\000r\000r\000e\000l\000a\000t\000i\000n\000g\000\040\000t\000h\000e\000\040\000e\000s\000t\000i\000m\000a\000t\000e\000d\000\040\000l\000e\000a\000k\000a\000g\000e\000\040\000t\000o\000\040\000t\000h\000e\000\040\000r\000e\000a\000l\000\040\000p\000o\000w\000e\000r\000\040\000c\000o\000n\000s\000u\000m\000p\000t\000i\000o\000n}{section.3.5}% 24
\BOOKMARK [1][-]{section.3.6}{\376\377\000C\000o\000u\000n\000t\000e\000r\000m\000e\000a\000s\000u\000r\000e\000s}{chapter.3}% 25
\BOOKMARK [2][-]{subsection.3.6.1}{\376\377\000R\000e\000d\000u\000c\000i\000n\000g\000\040\000t\000h\000e\000\040\000l\000e\000a\000k\000a\000g\000e}{section.3.6}% 26
\BOOKMARK [2][-]{subsection.3.6.2}{\376\377\000B\000l\000i\000n\000d\000i\000n\000g\000\040\000a\000n\000d\000\040\000m\000a\000s\000k\000i\000n\000g}{section.3.6}% 27
\BOOKMARK [2][-]{subsection.3.6.3}{\376\377\000P\000r\000o\000t\000o\000c\000o\000l\000\040\000l\000e\000v\000e\000l\000\040\000c\000o\000u\000n\000t\000e\000r\000m\000e\000a\000s\000u\000r\000e\000s}{section.3.6}% 28
\BOOKMARK [1][-]{section.3.7}{\376\377\000T\000o\000o\000l\000s\000:\000\040\000T\000h\000e\000\040\000C\000h\000i\000p\000W\000h\000i\000s\000p\000e\000r\000e\000r\041\042\000\040\000K\000i\000t}{chapter.3}% 29
\BOOKMARK [2][-]{subsection.3.7.1}{\376\377\000C\000h\000i\000p\000W\000h\000i\000s\000p\000e\000r\000e\000r\041\042\000\040\000H\000a\000r\000d\000w\000a\000r\000e}{section.3.7}% 30
\BOOKMARK [2][-]{subsection.3.7.2}{\376\377\000C\000h\000i\000p\000W\000h\000i\000s\000p\000e\000r\000e\000r\041\042\000\040\000L\000i\000t\000e\000\040\000C\000h\000a\000r\000a\000c\000t\000e\000r\000i\000s\000t\000i\000c\000s}{section.3.7}% 31
\BOOKMARK [2][-]{subsection.3.7.3}{\376\377\000C\000h\000i\000p\000W\000h\000i\000s\000p\000e\000r\000e\000r\041\042\000\040\000S\000o\000f\000w\000a\000r\000e}{section.3.7}% 32
\BOOKMARK [0][-]{chapter.4}{\376\377\000S\000-\000B\000o\000x\000\040\000V\000a\000r\000i\000a\000n\000t\000s\000:\000\040\000S\000t\000a\000t\000e\000\040\000o\000f\000\040\000t\000h\000e\000\040\000A\000r\000t}{}% 33
\BOOKMARK [1][-]{section.4.1}{\376\377\000I\000n\000t\000r\000o\000d\000u\000c\000t\000i\000o\000n\000\040\000o\000n\000\040\000N\000o\000v\000e\000l\000\040\000S\000-\000B\000o\000x\000\040\000I\000m\000p\000l\000e\000m\000e\000n\000t\000a\000t\000i\000o\000n\000s}{chapter.4}% 34
\BOOKMARK [2][-]{subsection.4.1.1}{\376\377\000T\000h\000e\000o\000r\000e\000t\000i\000c\000a\000l\000\040\000m\000e\000t\000r\000i\000c\000s\000\040\000a\000g\000a\000i\000n\000s\000t\000\040\000c\000l\000a\000s\000s\000i\000c\000a\000l\000\040\000c\000r\000y\000p\000t\000a\000n\000a\000l\000y\000s\000i\000s}{section.4.1}% 35
\BOOKMARK [2][-]{subsection.4.1.2}{\376\377\000T\000h\000e\000o\000r\000e\000t\000i\000c\000a\000l\000\040\000m\000e\000t\000r\000i\000c\000s\000\040\000a\000g\000a\000i\000n\000s\000t\000\040\000s\000i\000d\000e\000-\000c\000h\000a\000n\000n\000e\000l\000\040\000a\000n\000a\000l\000y\000s\000i\000s}{section.4.1}% 36
\BOOKMARK [1][-]{section.4.2}{\376\377\000D\000e\000s\000i\000g\000n\000\040\000M\000e\000t\000h\000o\000d\000o\000l\000o\000g\000i\000e\000s}{chapter.4}% 37
\BOOKMARK [2][-]{subsection.4.2.1}{\376\377\000C\000h\000a\000o\000s\000-\000B\000a\000s\000e\000d\000\040\000M\000e\000t\000h\000o\000d\000s}{section.4.2}% 38
\BOOKMARK [2][-]{subsection.4.2.2}{\376\377\000H\000e\000u\000r\000i\000s\000t\000i\000c\000\040\000M\000e\000t\000h\000o\000d\000s}{section.4.2}% 39
\BOOKMARK [0][-]{chapter.5}{\376\377\000E\000x\000p\000e\000r\000i\000m\000e\000n\000t\000a\000l\000\040\000R\000e\000s\000u\000l\000t\000s}{}% 40
\BOOKMARK [1][-]{section.5.1}{\376\377\000I\000n\000t\000r\000o\000d\000u\000c\000t\000i\000o\000n\000\040\000a\000n\000d\000\040\000m\000o\000t\000i\000v\000a\000t\000i\000o\000n\000s}{chapter.5}% 41
\BOOKMARK [1][-]{section.5.2}{\376\377\000S\000-\000B\000o\000x\000e\000s\000\040\000o\000v\000e\000r\000v\000i\000e\000w\000:\000\040\000p\000r\000o\000p\000e\000r\000t\000i\000e\000s\000\040\000a\000n\000d\000\040\000s\000e\000l\000e\000c\000t\000i\000o\000n\000\040\000c\000r\000i\000t\000e\000r\000i\000a}{chapter.5}% 42
\BOOKMARK [1][-]{section.5.3}{\376\377\000I\000n\000s\000t\000r\000u\000m\000e\000n\000t\000a\000t\000i\000o\000n\000\040\000s\000e\000t\000u\000p}{chapter.5}% 43
\BOOKMARK [1][-]{section.5.4}{\376\377\000S\000t\000e\000p\000s\000\040\000o\000f\000\040\000t\000h\000e\000\040\000a\000n\000a\000l\000y\000s\000i\000s}{chapter.5}% 44
\BOOKMARK [1][-]{section.5.5}{\376\377\000R\000e\000s\000u\000l\000t\000s\000\040\000a\000n\000d\000\040\000c\000o\000m\000m\000e\000n\000t\000s}{chapter.5}% 45
\BOOKMARK [0][-]{chapter.6}{\376\377\000C\000o\000n\000c\000l\000u\000s\000i\000o\000n\000s}{}% 46
\BOOKMARK [1][-]{section.6.1}{\376\377\000C\000o\000m\000m\000e\000n\000t\000s}{chapter.6}% 47
\BOOKMARK [1][-]{section.6.2}{\376\377\000F\000u\000t\000u\000r\000e\000\040\000w\000o\000r\000k}{chapter.6}% 48
